This file contains any messages produced by compilers while
running configure, to aid debugging if configure makes a mistake.

It was created by oxim configure 1.5.4, which was
generated by GNU Autoconf 2.63.  Invocation command line was

  $ ./configure 

## --------- ##
## Platform. ##
## --------- ##

hostname = localhost
uname -m = i686
uname -r = 2.6.32.21-168.ox2.i686
uname -s = Linux
uname -v = #1 SMP Tue Sep 28 01:20:39 CST 2010

/usr/bin/uname -p = unknown
/bin/uname -X     = unknown

/bin/arch              = i686
/usr/bin/arch -k       = unknown
/usr/convex/getsysinfo = unknown
/usr/bin/hostinfo      = unknown
/bin/machine           = unknown
/usr/bin/oslevel       = unknown
/bin/universe          = unknown

PATH: /usr/lib/qt-3.3/bin
PATH: /usr/kerberos/sbin
PATH: /usr/kerberos/bin
PATH: /usr/lib/ccache
PATH: /usr/local/sbin
PATH: /usr/sbin
PATH: /sbin
PATH: /usr/local/bin
PATH: /usr/bin
PATH: /bin
PATH: /root/bin


## ----------- ##
## Core tests. ##
## ----------- ##

configure:2271: checking for a BSD-compatible install
configure:2339: result: /usr/bin/install -c
configure:2350: checking whether build environment is sane
configure:2410: result: yes
configure:2551: checking for a thread-safe mkdir -p
configure:2590: result: /bin/mkdir -p
configure:2603: checking for gawk
configure:2619: found /usr/bin/gawk
configure:2630: result: gawk
configure:2641: checking whether make sets $(MAKE)
configure:2663: result: yes
configure:2754: checking whether NLS is requested
configure:2763: result: yes
configure:2804: checking for msgfmt
configure: trying /usr/bin/msgfmt...
0 translated messages.
configure:2836: result: /usr/bin/msgfmt
configure:2845: checking for gmsgfmt
configure:2876: result: /usr/bin/msgfmt
configure:2927: checking for xgettext
configure: trying /usr/bin/xgettext...
/usr/bin/xgettext: warning: file `/dev/null' extension `' is unknown; will try C
configure:2959: result: /usr/bin/xgettext
configure:3005: checking for msgmerge
configure: trying /usr/bin/msgmerge...
configure:3036: result: /usr/bin/msgmerge
configure:3081: checking for style of include used by make
configure:3109: result: GNU
configure:3179: checking for gcc
configure:3195: found /usr/lib/ccache/gcc
configure:3206: result: gcc
configure:3438: checking for C compiler version
configure:3446: gcc --version >&5
gcc (GCC) 4.4.4 20100630 (OSSII 4.4.4-10)
Copyright (C) 2010 Free Software Foundation, Inc.
This is free software; see the source for copying conditions.  There is NO
warranty; not even for MERCHANTABILITY or FITNESS FOR A PARTICULAR PURPOSE.

configure:3450: $? = 0
configure:3457: gcc -v >&5
Using built-in specs.
Target: i686-ox-linux
Configured with: ../configure --prefix=/usr --mandir=/usr/share/man --infodir=/usr/share/info --with-bugurl=http://bugzilla.redhat.com/bugzilla --enable-bootstrap --enable-shared --enable-threads=posix --enable-checking=release --with-system-zlib --enable-__cxa_atexit --disable-libunwind-exceptions --enable-gnu-unique-object --enable-languages=c,c++,objc,obj-c++,java,fortran,ada --enable-java-awt=gtk --disable-dssi --enable-plugin --with-java-home=/usr/lib/jvm/java-1.5.0-gcj-1.5.0.0/jre --enable-libgcj-multifile --enable-java-maintainer-mode --with-ecj-jar=/usr/share/java/eclipse-ecj.jar --disable-libjava-multilib --with-ppl --with-cloog --with-tune=generic --with-arch=i686 --build=i686-ox-linux
Thread model: posix
gcc version 4.4.4 20100630 (OSSII 4.4.4-10) (GCC) 
configure:3461: $? = 0
configure:3468: gcc -V >&5
gcc: '-V' option must have argument
configure:3472: $? = 1
configure:3495: checking for C compiler default output file name
configure:3517: gcc    conftest.c  >&5
configure:3521: $? = 0
configure:3559: result: a.out
configure:3578: checking whether the C compiler works
configure:3588: ./a.out
configure:3592: $? = 0
configure:3611: result: yes
configure:3618: checking whether we are cross compiling
configure:3620: result: no
configure:3623: checking for suffix of executables
configure:3630: gcc -o conftest    conftest.c  >&5
configure:3634: $? = 0
configure:3660: result: 
configure:3666: checking for suffix of object files
configure:3692: gcc -c   conftest.c >&5
configure:3696: $? = 0
configure:3721: result: o
configure:3725: checking whether we are using the GNU C compiler
configure:3754: gcc -c   conftest.c >&5
configure:3761: $? = 0
configure:3778: result: yes
configure:3787: checking whether gcc accepts -g
configure:3817: gcc -c -g  conftest.c >&5
configure:3824: $? = 0
configure:3925: result: yes
configure:3942: checking for gcc option to accept ISO C89
configure:4016: gcc  -c -g -O2  conftest.c >&5
configure:4023: $? = 0
configure:4046: result: none needed
configure:4066: checking dependency style of gcc
configure:4176: result: gcc3
configure:4197: checking build system type
configure:4215: result: i686-pc-linux-gnu
configure:4237: checking host system type
configure:4252: result: i686-pc-linux-gnu
configure:4298: checking for ld used by GCC
configure:4362: result: /usr/bin/ld
configure:4371: checking if the linker (/usr/bin/ld) is GNU ld
configure:4384: result: yes
configure:4391: checking for shared library run path origin
configure:4404: result: done
configure:4906: checking for CFPreferencesCopyAppValue
configure:4934: gcc -o conftest -g -O2   conftest.c  -Wl,-framework -Wl,CoreFoundation >&5
conftest.c:10:42: error: CoreFoundation/CFPreferences.h: No such file or directory
conftest.c: In function 'main':
conftest.c:14: error: 'NULL' undeclared (first use in this function)
conftest.c:14: error: (Each undeclared identifier is reported only once
conftest.c:14: error: for each function it appears in.)
configure:4941: $? = 1
configure: failed program was:
| /* confdefs.h.  */
| #define PACKAGE_NAME "oxim"
| #define PACKAGE_TARNAME "oxim"
| #define PACKAGE_VERSION "1.5.4"
| #define PACKAGE_STRING "oxim 1.5.4"
| #define PACKAGE_BUGREPORT "firefly@opendesktop.org.tw"
| #define PACKAGE "oxim"
| #define VERSION "1.5.4"
| /* end confdefs.h.  */
| #include <CoreFoundation/CFPreferences.h>
| int
| main ()
| {
| CFPreferencesCopyAppValue(NULL, NULL)
|   ;
|   return 0;
| }
configure:4962: result: no
configure:4971: checking for CFLocaleCopyCurrent
configure:4999: gcc -o conftest -g -O2   conftest.c  -Wl,-framework -Wl,CoreFoundation >&5
conftest.c:10:37: error: CoreFoundation/CFLocale.h: No such file or directory
configure:5006: $? = 1
configure: failed program was:
| /* confdefs.h.  */
| #define PACKAGE_NAME "oxim"
| #define PACKAGE_TARNAME "oxim"
| #define PACKAGE_VERSION "1.5.4"
| #define PACKAGE_STRING "oxim 1.5.4"
| #define PACKAGE_BUGREPORT "firefly@opendesktop.org.tw"
| #define PACKAGE "oxim"
| #define VERSION "1.5.4"
| /* end confdefs.h.  */
| #include <CoreFoundation/CFLocale.h>
| int
| main ()
| {
| CFLocaleCopyCurrent();
|   ;
|   return 0;
| }
configure:5027: result: no
configure:5078: checking for GNU gettext in libc
configure:5108: gcc -o conftest -g -O2   conftest.c  >&5
configure:5115: $? = 0
configure:5137: result: yes
configure:6041: checking whether to use NLS
configure:6043: result: yes
configure:6046: checking where the gettext function comes from
configure:6057: result: libc
configure:6214: checking for g++
configure:6230: found /usr/lib/ccache/g++
configure:6241: result: g++
configure:6268: checking for C++ compiler version
configure:6276: g++ --version >&5
g++ (GCC) 4.4.4 20100630 (OSSII 4.4.4-10)
Copyright (C) 2010 Free Software Foundation, Inc.
This is free software; see the source for copying conditions.  There is NO
warranty; not even for MERCHANTABILITY or FITNESS FOR A PARTICULAR PURPOSE.

configure:6280: $? = 0
configure:6287: g++ -v >&5
Using built-in specs.
Target: i686-ox-linux
Configured with: ../configure --prefix=/usr --mandir=/usr/share/man --infodir=/usr/share/info --with-bugurl=http://bugzilla.redhat.com/bugzilla --enable-bootstrap --enable-shared --enable-threads=posix --enable-checking=release --with-system-zlib --enable-__cxa_atexit --disable-libunwind-exceptions --enable-gnu-unique-object --enable-languages=c,c++,objc,obj-c++,java,fortran,ada --enable-java-awt=gtk --disable-dssi --enable-plugin --with-java-home=/usr/lib/jvm/java-1.5.0-gcj-1.5.0.0/jre --enable-libgcj-multifile --enable-java-maintainer-mode --with-ecj-jar=/usr/share/java/eclipse-ecj.jar --disable-libjava-multilib --with-ppl --with-cloog --with-tune=generic --with-arch=i686 --build=i686-ox-linux
Thread model: posix
gcc version 4.4.4 20100630 (OSSII 4.4.4-10) (GCC) 
configure:6291: $? = 0
configure:6298: g++ -V >&5
g++: '-V' option must have argument
configure:6302: $? = 1
configure:6305: checking whether we are using the GNU C++ compiler
configure:6334: g++ -c   conftest.cpp >&5
configure:6341: $? = 0
configure:6358: result: yes
configure:6367: checking whether g++ accepts -g
configure:6397: g++ -c -g  conftest.cpp >&5
configure:6404: $? = 0
configure:6505: result: yes
configure:6530: checking dependency style of g++
configure:6640: result: gcc3
configure:6703: checking for gcc
configure:6730: result: gcc
configure:6962: checking for C compiler version
configure:6970: gcc --version >&5
gcc (GCC) 4.4.4 20100630 (OSSII 4.4.4-10)
Copyright (C) 2010 Free Software Foundation, Inc.
This is free software; see the source for copying conditions.  There is NO
warranty; not even for MERCHANTABILITY or FITNESS FOR A PARTICULAR PURPOSE.

configure:6974: $? = 0
configure:6981: gcc -v >&5
Using built-in specs.
Target: i686-ox-linux
Configured with: ../configure --prefix=/usr --mandir=/usr/share/man --infodir=/usr/share/info --with-bugurl=http://bugzilla.redhat.com/bugzilla --enable-bootstrap --enable-shared --enable-threads=posix --enable-checking=release --with-system-zlib --enable-__cxa_atexit --disable-libunwind-exceptions --enable-gnu-unique-object --enable-languages=c,c++,objc,obj-c++,java,fortran,ada --enable-java-awt=gtk --disable-dssi --enable-plugin --with-java-home=/usr/lib/jvm/java-1.5.0-gcj-1.5.0.0/jre --enable-libgcj-multifile --enable-java-maintainer-mode --with-ecj-jar=/usr/share/java/eclipse-ecj.jar --disable-libjava-multilib --with-ppl --with-cloog --with-tune=generic --with-arch=i686 --build=i686-ox-linux
Thread model: posix
gcc version 4.4.4 20100630 (OSSII 4.4.4-10) (GCC) 
configure:6985: $? = 0
configure:6992: gcc -V >&5
gcc: '-V' option must have argument
configure:6996: $? = 1
configure:6999: checking whether we are using the GNU C compiler
configure:7052: result: yes
configure:7061: checking whether gcc accepts -g
configure:7199: result: yes
configure:7216: checking for gcc option to accept ISO C89
configure:7320: result: none needed
configure:7340: checking dependency style of gcc
configure:7450: result: gcc3
configure:7479: checking for a BSD-compatible install
configure:7547: result: /usr/bin/install -c
configure:7587: checking for a sed that does not truncate output
configure:7653: result: /bin/sed
configure:7671: checking for grep that handles long lines and -e
configure:7731: result: /bin/grep
configure:7736: checking for egrep
configure:7800: result: /bin/grep -E
configure:7805: checking for fgrep
configure:7869: result: /bin/grep -F
configure:7904: checking for ld used by gcc
configure:7971: result: /usr/bin/ld
configure:7980: checking if the linker (/usr/bin/ld) is GNU ld
configure:7995: result: yes
configure:8007: checking for BSD- or MS-compatible name lister (nm)
configure:8056: result: /usr/bin/nm -B
configure:8174: checking the name lister (/usr/bin/nm -B) interface
configure:8181: gcc -c -g -O2  conftest.c >&5
configure:8184: /usr/bin/nm -B "conftest.o"
configure:8187: output
00000000 B some_variable
configure:8194: result: BSD nm
configure:8197: checking whether ln -s works
configure:8201: result: yes
configure:8209: checking the maximum length of command line arguments
configure:8329: result: 1966080
configure:8346: checking whether the shell understands some XSI constructs
configure:8356: result: yes
configure:8360: checking whether the shell understands "+="
configure:8366: result: yes
configure:8401: checking for /usr/bin/ld option to reload object files
configure:8408: result: -r
configure:8477: checking for objdump
configure:8493: found /usr/bin/objdump
configure:8504: result: objdump
configure:8536: checking how to recognize dependent libraries
configure:8732: result: pass_all
configure:8792: checking for ar
configure:8808: found /usr/bin/ar
configure:8819: result: ar
configure:8897: checking for strip
configure:8913: found /usr/bin/strip
configure:8924: result: strip
configure:8996: checking for ranlib
configure:9012: found /usr/bin/ranlib
configure:9023: result: ranlib
configure:9113: checking command to parse /usr/bin/nm -B output from gcc object
configure:9231: gcc -c -g -O2  conftest.c >&5
configure:9234: $? = 0
configure:9238: /usr/bin/nm -B conftest.o \| sed -n -e 's/^.*[	 ]\([ABCDGIRSTW][ABCDGIRSTW]*\)[	 ][	 ]*\([_A-Za-z][_A-Za-z0-9]*\)$/\1 \2 \2/p' \> conftest.nm
configure:9241: $? = 0
configure:9295: gcc -o conftest -g -O2   conftest.c conftstm.o >&5
configure:9298: $? = 0
configure:9336: result: ok
configure:10202: checking how to run the C preprocessor
configure:10242: gcc -E  conftest.c
configure:10249: $? = 0
configure:10280: gcc -E  conftest.c
conftest.c:13:28: error: ac_nonexistent.h: No such file or directory
configure:10287: $? = 1
configure: failed program was:
| /* confdefs.h.  */
| #define PACKAGE_NAME "oxim"
| #define PACKAGE_TARNAME "oxim"
| #define PACKAGE_VERSION "1.5.4"
| #define PACKAGE_STRING "oxim 1.5.4"
| #define PACKAGE_BUGREPORT "firefly@opendesktop.org.tw"
| #define PACKAGE "oxim"
| #define VERSION "1.5.4"
| #define ENABLE_NLS 1
| #define HAVE_GETTEXT 1
| #define HAVE_DCGETTEXT 1
| /* end confdefs.h.  */
| #include <ac_nonexistent.h>
configure:10320: result: gcc -E
configure:10349: gcc -E  conftest.c
configure:10356: $? = 0
configure:10387: gcc -E  conftest.c
conftest.c:13:28: error: ac_nonexistent.h: No such file or directory
configure:10394: $? = 1
configure: failed program was:
| /* confdefs.h.  */
| #define PACKAGE_NAME "oxim"
| #define PACKAGE_TARNAME "oxim"
| #define PACKAGE_VERSION "1.5.4"
| #define PACKAGE_STRING "oxim 1.5.4"
| #define PACKAGE_BUGREPORT "firefly@opendesktop.org.tw"
| #define PACKAGE "oxim"
| #define VERSION "1.5.4"
| #define ENABLE_NLS 1
| #define HAVE_GETTEXT 1
| #define HAVE_DCGETTEXT 1
| /* end confdefs.h.  */
| #include <ac_nonexistent.h>
configure:10434: checking for ANSI C header files
configure:10464: gcc -c -g -O2  conftest.c >&5
configure:10471: $? = 0
configure:10570: gcc -o conftest -g -O2   conftest.c  >&5
configure:10574: $? = 0
configure:10580: ./conftest
configure:10584: $? = 0
configure:10602: result: yes
configure:10626: checking for sys/types.h
configure:10647: gcc -c -g -O2  conftest.c >&5
configure:10654: $? = 0
configure:10671: result: yes
configure:10626: checking for sys/stat.h
configure:10647: gcc -c -g -O2  conftest.c >&5
configure:10654: $? = 0
configure:10671: result: yes
configure:10626: checking for stdlib.h
configure:10647: gcc -c -g -O2  conftest.c >&5
configure:10654: $? = 0
configure:10671: result: yes
configure:10626: checking for string.h
configure:10647: gcc -c -g -O2  conftest.c >&5
configure:10654: $? = 0
configure:10671: result: yes
configure:10626: checking for memory.h
configure:10647: gcc -c -g -O2  conftest.c >&5
configure:10654: $? = 0
configure:10671: result: yes
configure:10626: checking for strings.h
configure:10647: gcc -c -g -O2  conftest.c >&5
configure:10654: $? = 0
configure:10671: result: yes
configure:10626: checking for inttypes.h
configure:10647: gcc -c -g -O2  conftest.c >&5
configure:10654: $? = 0
configure:10671: result: yes
configure:10626: checking for stdint.h
configure:10647: gcc -c -g -O2  conftest.c >&5
configure:10654: $? = 0
configure:10671: result: yes
configure:10626: checking for unistd.h
configure:10647: gcc -c -g -O2  conftest.c >&5
configure:10654: $? = 0
configure:10671: result: yes
configure:10689: checking for dlfcn.h
configure:10710: gcc -c -g -O2  conftest.c >&5
configure:10717: $? = 0
configure:10734: result: yes
configure:10861: checking for C++ compiler version
configure:10869: g++ --version >&5
g++ (GCC) 4.4.4 20100630 (OSSII 4.4.4-10)
Copyright (C) 2010 Free Software Foundation, Inc.
This is free software; see the source for copying conditions.  There is NO
warranty; not even for MERCHANTABILITY or FITNESS FOR A PARTICULAR PURPOSE.

configure:10873: $? = 0
configure:10880: g++ -v >&5
Using built-in specs.
Target: i686-ox-linux
Configured with: ../configure --prefix=/usr --mandir=/usr/share/man --infodir=/usr/share/info --with-bugurl=http://bugzilla.redhat.com/bugzilla --enable-bootstrap --enable-shared --enable-threads=posix --enable-checking=release --with-system-zlib --enable-__cxa_atexit --disable-libunwind-exceptions --enable-gnu-unique-object --enable-languages=c,c++,objc,obj-c++,java,fortran,ada --enable-java-awt=gtk --disable-dssi --enable-plugin --with-java-home=/usr/lib/jvm/java-1.5.0-gcj-1.5.0.0/jre --enable-libgcj-multifile --enable-java-maintainer-mode --with-ecj-jar=/usr/share/java/eclipse-ecj.jar --disable-libjava-multilib --with-ppl --with-cloog --with-tune=generic --with-arch=i686 --build=i686-ox-linux
Thread model: posix
gcc version 4.4.4 20100630 (OSSII 4.4.4-10) (GCC) 
configure:10884: $? = 0
configure:10891: g++ -V >&5
g++: '-V' option must have argument
configure:10895: $? = 1
configure:10898: checking whether we are using the GNU C++ compiler
configure:10951: result: yes
configure:10960: checking whether g++ accepts -g
configure:11098: result: yes
configure:11123: checking dependency style of g++
configure:11233: result: gcc3
configure:11256: checking how to run the C++ preprocessor
configure:11292: g++ -E  conftest.cpp
configure:11299: $? = 0
configure:11330: g++ -E  conftest.cpp
conftest.cpp:24:28: error: ac_nonexistent.h: No such file or directory
configure:11337: $? = 1
configure: failed program was:
| /* confdefs.h.  */
| #define PACKAGE_NAME "oxim"
| #define PACKAGE_TARNAME "oxim"
| #define PACKAGE_VERSION "1.5.4"
| #define PACKAGE_STRING "oxim 1.5.4"
| #define PACKAGE_BUGREPORT "firefly@opendesktop.org.tw"
| #define PACKAGE "oxim"
| #define VERSION "1.5.4"
| #define ENABLE_NLS 1
| #define HAVE_GETTEXT 1
| #define HAVE_DCGETTEXT 1
| #define STDC_HEADERS 1
| #define HAVE_SYS_TYPES_H 1
| #define HAVE_SYS_STAT_H 1
| #define HAVE_STDLIB_H 1
| #define HAVE_STRING_H 1
| #define HAVE_MEMORY_H 1
| #define HAVE_STRINGS_H 1
| #define HAVE_INTTYPES_H 1
| #define HAVE_STDINT_H 1
| #define HAVE_UNISTD_H 1
| #define HAVE_DLFCN_H 1
| /* end confdefs.h.  */
| #include <ac_nonexistent.h>
configure:11370: result: g++ -E
configure:11399: g++ -E  conftest.cpp
configure:11406: $? = 0
configure:11437: g++ -E  conftest.cpp
conftest.cpp:24:28: error: ac_nonexistent.h: No such file or directory
configure:11444: $? = 1
configure: failed program was:
| /* confdefs.h.  */
| #define PACKAGE_NAME "oxim"
| #define PACKAGE_TARNAME "oxim"
| #define PACKAGE_VERSION "1.5.4"
| #define PACKAGE_STRING "oxim 1.5.4"
| #define PACKAGE_BUGREPORT "firefly@opendesktop.org.tw"
| #define PACKAGE "oxim"
| #define VERSION "1.5.4"
| #define ENABLE_NLS 1
| #define HAVE_GETTEXT 1
| #define HAVE_DCGETTEXT 1
| #define STDC_HEADERS 1
| #define HAVE_SYS_TYPES_H 1
| #define HAVE_SYS_STAT_H 1
| #define HAVE_STDLIB_H 1
| #define HAVE_STRING_H 1
| #define HAVE_MEMORY_H 1
| #define HAVE_STRINGS_H 1
| #define HAVE_INTTYPES_H 1
| #define HAVE_STDINT_H 1
| #define HAVE_UNISTD_H 1
| #define HAVE_DLFCN_H 1
| /* end confdefs.h.  */
| #include <ac_nonexistent.h>
configure:11626: checking for objdir
configure:11641: result: .libs
configure:11933: checking if gcc supports -fno-rtti -fno-exceptions
configure:11951: gcc -c -g -O2  -fno-rtti -fno-exceptions conftest.c >&5
cc1: warning: command line option "-fno-rtti" is valid for C++/ObjC++ but not for C
cc1: warning: command line option "-fno-rtti" is valid for C++/ObjC++ but not for C
configure:11955: $? = 0
configure:11968: result: no
configure:11988: checking for gcc option to produce PIC
configure:12260: result: -fPIC -DPIC
configure:12272: checking if gcc PIC flag -fPIC -DPIC works
configure:12290: gcc -c -g -O2  -fPIC -DPIC -DPIC conftest.c >&5
configure:12294: $? = 0
configure:12307: result: yes
configure:12331: checking if gcc static flag -static works
configure:12359: result: no
configure:12374: checking if gcc supports -c -o file.o
configure:12395: gcc -c -g -O2  -o out/conftest2.o conftest.c >&5
configure:12399: $? = 0
configure:12421: result: yes
configure:12429: checking if gcc supports -c -o file.o
configure:12476: result: yes
configure:12509: checking whether the gcc linker (/usr/bin/ld) supports shared libraries
configure:13583: result: yes
configure:13620: checking whether -lc should be explicitly linked in
configure:13625: gcc -c -g -O2  conftest.c >&5
configure:13628: $? = 0
configure:13643: gcc -shared conftest.o  -v -Wl,-soname -Wl,conftest -o conftest 2\>\&1 \| /bin/grep  -lc  \>/dev/null 2\>\&1
configure:13646: $? = 0
configure:13658: result: no
configure:13822: checking dynamic linker characteristics
configure:14265: gcc -o conftest -g -O2   -Wl,-rpath -Wl,/foo conftest.c  >&5
configure:14272: $? = 0
configure:14508: result: GNU/Linux ld.so
configure:14610: checking how to hardcode library paths into programs
configure:14635: result: immediate
configure:14758: checking for shl_load
configure:14814: gcc -o conftest -g -O2   conftest.c  >&5
/tmp/ccqPPi2u.o: In function `main':
/root/project/oxim-1.5.4/conftest.c:59: undefined reference to `shl_load'
collect2: ld returned 1 exit status
configure:14821: $? = 1
configure: failed program was:
| /* confdefs.h.  */
| #define PACKAGE_NAME "oxim"
| #define PACKAGE_TARNAME "oxim"
| #define PACKAGE_VERSION "1.5.4"
| #define PACKAGE_STRING "oxim 1.5.4"
| #define PACKAGE_BUGREPORT "firefly@opendesktop.org.tw"
| #define PACKAGE "oxim"
| #define VERSION "1.5.4"
| #define ENABLE_NLS 1
| #define HAVE_GETTEXT 1
| #define HAVE_DCGETTEXT 1
| #define STDC_HEADERS 1
| #define HAVE_SYS_TYPES_H 1
| #define HAVE_SYS_STAT_H 1
| #define HAVE_STDLIB_H 1
| #define HAVE_STRING_H 1
| #define HAVE_MEMORY_H 1
| #define HAVE_STRINGS_H 1
| #define HAVE_INTTYPES_H 1
| #define HAVE_STDINT_H 1
| #define HAVE_UNISTD_H 1
| #define HAVE_DLFCN_H 1
| #define LT_OBJDIR ".libs/"
| /* end confdefs.h.  */
| /* Define shl_load to an innocuous variant, in case <limits.h> declares shl_load.
|    For example, HP-UX 11i <limits.h> declares gettimeofday.  */
| #define shl_load innocuous_shl_load
| 
| /* System header to define __stub macros and hopefully few prototypes,
|     which can conflict with char shl_load (); below.
|     Prefer <limits.h> to <assert.h> if __STDC__ is defined, since
|     <limits.h> exists even on freestanding compilers.  */
| 
| #ifdef __STDC__
| # include <limits.h>
| #else
| # include <assert.h>
| #endif
| 
| #undef shl_load
| 
| /* Override any GCC internal prototype to avoid an error.
|    Use char because int might match the return type of a GCC
|    builtin and then its argument prototype would still apply.  */
| #ifdef __cplusplus
| extern "C"
| #endif
| char shl_load ();
| /* The GNU C library defines this for functions which it implements
|     to always fail with ENOSYS.  Some functions are actually named
|     something starting with __ and the normal name is an alias.  */
| #if defined __stub_shl_load || defined __stub___shl_load
| choke me
| #endif
| 
| int
| main ()
| {
| return shl_load ();
|   ;
|   return 0;
| }
configure:14841: result: no
configure:14846: checking for shl_load in -ldld
configure:14881: gcc -o conftest -g -O2   conftest.c -ldld   >&5
/usr/bin/ld: cannot find -ldld
collect2: ld returned 1 exit status
configure:14888: $? = 1
configure: failed program was:
| /* confdefs.h.  */
| #define PACKAGE_NAME "oxim"
| #define PACKAGE_TARNAME "oxim"
| #define PACKAGE_VERSION "1.5.4"
| #define PACKAGE_STRING "oxim 1.5.4"
| #define PACKAGE_BUGREPORT "firefly@opendesktop.org.tw"
| #define PACKAGE "oxim"
| #define VERSION "1.5.4"
| #define ENABLE_NLS 1
| #define HAVE_GETTEXT 1
| #define HAVE_DCGETTEXT 1
| #define STDC_HEADERS 1
| #define HAVE_SYS_TYPES_H 1
| #define HAVE_SYS_STAT_H 1
| #define HAVE_STDLIB_H 1
| #define HAVE_STRING_H 1
| #define HAVE_MEMORY_H 1
| #define HAVE_STRINGS_H 1
| #define HAVE_INTTYPES_H 1
| #define HAVE_STDINT_H 1
| #define HAVE_UNISTD_H 1
| #define HAVE_DLFCN_H 1
| #define LT_OBJDIR ".libs/"
| /* end confdefs.h.  */
| 
| /* Override any GCC internal prototype to avoid an error.
|    Use char because int might match the return type of a GCC
|    builtin and then its argument prototype would still apply.  */
| #ifdef __cplusplus
| extern "C"
| #endif
| char shl_load ();
| int
| main ()
| {
| return shl_load ();
|   ;
|   return 0;
| }
configure:14909: result: no
configure:14914: checking for dlopen
configure:14970: gcc -o conftest -g -O2   conftest.c  >&5
/tmp/ccgKbYrw.o: In function `main':
/root/project/oxim-1.5.4/conftest.c:59: undefined reference to `dlopen'
collect2: ld returned 1 exit status
configure:14977: $? = 1
configure: failed program was:
| /* confdefs.h.  */
| #define PACKAGE_NAME "oxim"
| #define PACKAGE_TARNAME "oxim"
| #define PACKAGE_VERSION "1.5.4"
| #define PACKAGE_STRING "oxim 1.5.4"
| #define PACKAGE_BUGREPORT "firefly@opendesktop.org.tw"
| #define PACKAGE "oxim"
| #define VERSION "1.5.4"
| #define ENABLE_NLS 1
| #define HAVE_GETTEXT 1
| #define HAVE_DCGETTEXT 1
| #define STDC_HEADERS 1
| #define HAVE_SYS_TYPES_H 1
| #define HAVE_SYS_STAT_H 1
| #define HAVE_STDLIB_H 1
| #define HAVE_STRING_H 1
| #define HAVE_MEMORY_H 1
| #define HAVE_STRINGS_H 1
| #define HAVE_INTTYPES_H 1
| #define HAVE_STDINT_H 1
| #define HAVE_UNISTD_H 1
| #define HAVE_DLFCN_H 1
| #define LT_OBJDIR ".libs/"
| /* end confdefs.h.  */
| /* Define dlopen to an innocuous variant, in case <limits.h> declares dlopen.
|    For example, HP-UX 11i <limits.h> declares gettimeofday.  */
| #define dlopen innocuous_dlopen
| 
| /* System header to define __stub macros and hopefully few prototypes,
|     which can conflict with char dlopen (); below.
|     Prefer <limits.h> to <assert.h> if __STDC__ is defined, since
|     <limits.h> exists even on freestanding compilers.  */
| 
| #ifdef __STDC__
| # include <limits.h>
| #else
| # include <assert.h>
| #endif
| 
| #undef dlopen
| 
| /* Override any GCC internal prototype to avoid an error.
|    Use char because int might match the return type of a GCC
|    builtin and then its argument prototype would still apply.  */
| #ifdef __cplusplus
| extern "C"
| #endif
| char dlopen ();
| /* The GNU C library defines this for functions which it implements
|     to always fail with ENOSYS.  Some functions are actually named
|     something starting with __ and the normal name is an alias.  */
| #if defined __stub_dlopen || defined __stub___dlopen
| choke me
| #endif
| 
| int
| main ()
| {
| return dlopen ();
|   ;
|   return 0;
| }
configure:14997: result: no
configure:15002: checking for dlopen in -ldl
configure:15037: gcc -o conftest -g -O2   conftest.c -ldl   >&5
configure:15044: $? = 0
configure:15065: result: yes
configure:15242: checking whether a program can dlopen itself
configure:15312: gcc -o conftest -g -O2  -DHAVE_DLFCN_H  -Wl,--export-dynamic conftest.c -ldl  >&5
configure:15315: $? = 0
configure:15333: result: yes
configure:15338: checking whether a statically linked program can dlopen itself
configure:15408: gcc -o conftest -g -O2  -DHAVE_DLFCN_H  -Wl,--export-dynamic  conftest.c -ldl  >&5
configure:15411: $? = 0
configure:15429: result: yes
configure:15468: checking whether stripping libraries is possible
configure:15473: result: yes
configure:15508: checking if libtool supports shared libraries
configure:15510: result: yes
configure:15513: checking whether to build shared libraries
configure:15534: result: yes
configure:15537: checking whether to build static libraries
configure:15541: result: no
configure:15691: checking for ld used by g++
configure:15758: result: /usr/bin/ld
configure:15767: checking if the linker (/usr/bin/ld) is GNU ld
configure:15782: result: yes
configure:15837: checking whether the g++ linker (/usr/bin/ld) supports shared libraries
configure:16812: result: yes
configure:16840: g++ -c -g -O2  conftest.cpp >&5
configure:16843: $? = 0
configure:17025: checking for g++ option to produce PIC
configure:17342: result: -fPIC -DPIC
configure:17351: checking if g++ PIC flag -fPIC -DPIC works
configure:17369: g++ -c -g -O2  -fPIC -DPIC -DPIC conftest.cpp >&5
configure:17373: $? = 0
configure:17386: result: yes
configure:17407: checking if g++ static flag -static works
configure:17435: result: no
configure:17447: checking if g++ supports -c -o file.o
configure:17468: g++ -c -g -O2  -o out/conftest2.o conftest.cpp >&5
configure:17472: $? = 0
configure:17494: result: yes
configure:17499: checking if g++ supports -c -o file.o
configure:17546: result: yes
configure:17576: checking whether the g++ linker (/usr/bin/ld) supports shared libraries
configure:17602: result: yes
configure:17739: checking dynamic linker characteristics
configure:18130: g++ -o conftest -g -O2   -Wl,-rpath -Wl,/foo conftest.cpp  >&5
configure:18137: $? = 0
configure:18373: result: GNU/Linux ld.so
configure:18424: checking how to hardcode library paths into programs
configure:18449: result: immediate
configure:18510: checking for X
configure:18625: gcc -E  conftest.c
configure:18632: $? = 0
configure:18681: gcc -o conftest -g -O2   conftest.c -lX11  >&5
configure:18688: $? = 0
configure:18750: result: libraries , headers 
configure:18762: checking for dirent.h that defines DIR
configure:18791: gcc -c -g -O2  conftest.c >&5
configure:18798: $? = 0
configure:18815: result: yes
configure:18830: checking for library containing opendir
configure:18871: gcc -o conftest -g -O2   conftest.c  >&5
configure:18878: $? = 0
configure:18909: result: none required
configure:19007: checking for ANSI C header files
configure:19175: result: yes
configure:19185: checking whether sys/types.h defines makedev
configure:19211: gcc -o conftest -g -O2   conftest.c  >&5
configure:19218: $? = 0
configure:19239: result: yes
configure:19530: checking for sys/wait.h that is POSIX.1 compatible
configure:19566: gcc -c -g -O2  conftest.c >&5
configure:19573: $? = 0
configure:19588: result: yes
configure:19631: checking fcntl.h usability
configure:19648: gcc -c -g -O2  conftest.c >&5
configure:19655: $? = 0
configure:19669: result: yes
configure:19673: checking fcntl.h presence
configure:19688: gcc -E  conftest.c
configure:19695: $? = 0
configure:19709: result: yes
configure:19742: checking for fcntl.h
configure:19751: result: yes
configure:19631: checking float.h usability
configure:19648: gcc -c -g -O2  conftest.c >&5
configure:19655: $? = 0
configure:19669: result: yes
configure:19673: checking float.h presence
configure:19688: gcc -E  conftest.c
configure:19695: $? = 0
configure:19709: result: yes
configure:19742: checking for float.h
configure:19751: result: yes
configure:19631: checking langinfo.h usability
configure:19648: gcc -c -g -O2  conftest.c >&5
configure:19655: $? = 0
configure:19669: result: yes
configure:19673: checking langinfo.h presence
configure:19688: gcc -E  conftest.c
configure:19695: $? = 0
configure:19709: result: yes
configure:19742: checking for langinfo.h
configure:19751: result: yes
configure:19631: checking limits.h usability
configure:19648: gcc -c -g -O2  conftest.c >&5
configure:19655: $? = 0
configure:19669: result: yes
configure:19673: checking limits.h presence
configure:19688: gcc -E  conftest.c
configure:19695: $? = 0
configure:19709: result: yes
configure:19742: checking for limits.h
configure:19751: result: yes
configure:19631: checking locale.h usability
configure:19648: gcc -c -g -O2  conftest.c >&5
configure:19655: $? = 0
configure:19669: result: yes
configure:19673: checking locale.h presence
configure:19688: gcc -E  conftest.c
configure:19695: $? = 0
configure:19709: result: yes
configure:19742: checking for locale.h
configure:19751: result: yes
configure:19620: checking for stdlib.h
configure:19627: result: yes
configure:19620: checking for string.h
configure:19627: result: yes
configure:19631: checking assert.h usability
configure:19648: gcc -c -g -O2  conftest.c >&5
configure:19655: $? = 0
configure:19669: result: yes
configure:19673: checking assert.h presence
configure:19688: gcc -E  conftest.c
configure:19695: $? = 0
configure:19709: result: yes
configure:19742: checking for assert.h
configure:19751: result: yes
configure:19631: checking getopt.h usability
configure:19648: gcc -c -g -O2  conftest.c >&5
configure:19655: $? = 0
configure:19669: result: yes
configure:19673: checking getopt.h presence
configure:19688: gcc -E  conftest.c
configure:19695: $? = 0
configure:19709: result: yes
configure:19742: checking for getopt.h
configure:19751: result: yes
configure:19631: checking sys/param.h usability
configure:19648: gcc -c -g -O2  conftest.c >&5
configure:19655: $? = 0
configure:19669: result: yes
configure:19673: checking sys/param.h presence
configure:19688: gcc -E  conftest.c
configure:19695: $? = 0
configure:19709: result: yes
configure:19742: checking for sys/param.h
configure:19751: result: yes
configure:19631: checking sys/time.h usability
configure:19648: gcc -c -g -O2  conftest.c >&5
configure:19655: $? = 0
configure:19669: result: yes
configure:19673: checking sys/time.h presence
configure:19688: gcc -E  conftest.c
configure:19695: $? = 0
configure:19709: result: yes
configure:19742: checking for sys/time.h
configure:19751: result: yes
configure:19631: checking sys/timeb.h usability
configure:19648: gcc -c -g -O2  conftest.c >&5
configure:19655: $? = 0
configure:19669: result: yes
configure:19673: checking sys/timeb.h presence
configure:19688: gcc -E  conftest.c
configure:19695: $? = 0
configure:19709: result: yes
configure:19742: checking for sys/timeb.h
configure:19751: result: yes
configure:19631: checking sys/mman.h usability
configure:19648: gcc -c -g -O2  conftest.c >&5
configure:19655: $? = 0
configure:19669: result: yes
configure:19673: checking sys/mman.h presence
configure:19688: gcc -E  conftest.c
configure:19695: $? = 0
configure:19709: result: yes
configure:19742: checking for sys/mman.h
configure:19751: result: yes
configure:19620: checking for unistd.h
configure:19627: result: yes
configure:19631: checking utime.h usability
configure:19648: gcc -c -g -O2  conftest.c >&5
configure:19655: $? = 0
configure:19669: result: yes
configure:19673: checking utime.h presence
configure:19688: gcc -E  conftest.c
configure:19695: $? = 0
configure:19709: result: yes
configure:19742: checking for utime.h
configure:19751: result: yes
configure:19631: checking zlib.h usability
configure:19648: gcc -c -g -O2  conftest.c >&5
configure:19655: $? = 0
configure:19669: result: yes
configure:19673: checking zlib.h presence
configure:19688: gcc -E  conftest.c
configure:19695: $? = 0
configure:19709: result: yes
configure:19742: checking for zlib.h
configure:19751: result: yes
configure:19631: checking libintl.h usability
configure:19648: gcc -c -g -O2  conftest.c >&5
configure:19655: $? = 0
configure:19669: result: yes
configure:19673: checking libintl.h presence
configure:19688: gcc -E  conftest.c
configure:19695: $? = 0
configure:19709: result: yes
configure:19742: checking for libintl.h
configure:19751: result: yes
configure:19631: checking iconv.h usability
configure:19648: gcc -c -g -O2  conftest.c >&5
configure:19655: $? = 0
configure:19669: result: yes
configure:19673: checking iconv.h presence
configure:19688: gcc -E  conftest.c
configure:19695: $? = 0
configure:19709: result: yes
configure:19742: checking for iconv.h
configure:19751: result: yes
configure:19769: checking for gettext in -lintl
configure:19804: gcc -o conftest -g -O2   conftest.c -lintl   >&5
conftest.c:53: warning: conflicting types for built-in function 'gettext'
/usr/bin/ld: cannot find -lintl
collect2: ld returned 1 exit status
configure:19811: $? = 1
configure: failed program was:
| /* confdefs.h.  */
| #define PACKAGE_NAME "oxim"
| #define PACKAGE_TARNAME "oxim"
| #define PACKAGE_VERSION "1.5.4"
| #define PACKAGE_STRING "oxim 1.5.4"
| #define PACKAGE_BUGREPORT "firefly@opendesktop.org.tw"
| #define PACKAGE "oxim"
| #define VERSION "1.5.4"
| #define ENABLE_NLS 1
| #define HAVE_GETTEXT 1
| #define HAVE_DCGETTEXT 1
| #define STDC_HEADERS 1
| #define HAVE_SYS_TYPES_H 1
| #define HAVE_SYS_STAT_H 1
| #define HAVE_STDLIB_H 1
| #define HAVE_STRING_H 1
| #define HAVE_MEMORY_H 1
| #define HAVE_STRINGS_H 1
| #define HAVE_INTTYPES_H 1
| #define HAVE_STDINT_H 1
| #define HAVE_UNISTD_H 1
| #define HAVE_DLFCN_H 1
| #define LT_OBJDIR ".libs/"
| #define HAVE_DIRENT_H 1
| #define STDC_HEADERS 1
| #define HAVE_SYS_WAIT_H 1
| #define HAVE_FCNTL_H 1
| #define HAVE_FLOAT_H 1
| #define HAVE_LANGINFO_H 1
| #define HAVE_LIMITS_H 1
| #define HAVE_LOCALE_H 1
| #define HAVE_STDLIB_H 1
| #define HAVE_STRING_H 1
| #define HAVE_ASSERT_H 1
| #define HAVE_GETOPT_H 1
| #define HAVE_SYS_PARAM_H 1
| #define HAVE_SYS_TIME_H 1
| #define HAVE_SYS_TIMEB_H 1
| #define HAVE_SYS_MMAN_H 1
| #define HAVE_UNISTD_H 1
| #define HAVE_UTIME_H 1
| #define HAVE_ZLIB_H 1
| #define HAVE_LIBINTL_H 1
| #define HAVE_ICONV_H 1
| /* end confdefs.h.  */
| 
| /* Override any GCC internal prototype to avoid an error.
|    Use char because int might match the return type of a GCC
|    builtin and then its argument prototype would still apply.  */
| #ifdef __cplusplus
| extern "C"
| #endif
| char gettext ();
| int
| main ()
| {
| return gettext ();
|   ;
|   return 0;
| }
configure:19832: result: no
configure:19844: checking for iconv in -liconv
configure:19879: gcc -o conftest -g -O2   conftest.c -liconv   >&5
/usr/bin/ld: cannot find -liconv
collect2: ld returned 1 exit status
configure:19886: $? = 1
configure: failed program was:
| /* confdefs.h.  */
| #define PACKAGE_NAME "oxim"
| #define PACKAGE_TARNAME "oxim"
| #define PACKAGE_VERSION "1.5.4"
| #define PACKAGE_STRING "oxim 1.5.4"
| #define PACKAGE_BUGREPORT "firefly@opendesktop.org.tw"
| #define PACKAGE "oxim"
| #define VERSION "1.5.4"
| #define ENABLE_NLS 1
| #define HAVE_GETTEXT 1
| #define HAVE_DCGETTEXT 1
| #define STDC_HEADERS 1
| #define HAVE_SYS_TYPES_H 1
| #define HAVE_SYS_STAT_H 1
| #define HAVE_STDLIB_H 1
| #define HAVE_STRING_H 1
| #define HAVE_MEMORY_H 1
| #define HAVE_STRINGS_H 1
| #define HAVE_INTTYPES_H 1
| #define HAVE_STDINT_H 1
| #define HAVE_UNISTD_H 1
| #define HAVE_DLFCN_H 1
| #define LT_OBJDIR ".libs/"
| #define HAVE_DIRENT_H 1
| #define STDC_HEADERS 1
| #define HAVE_SYS_WAIT_H 1
| #define HAVE_FCNTL_H 1
| #define HAVE_FLOAT_H 1
| #define HAVE_LANGINFO_H 1
| #define HAVE_LIMITS_H 1
| #define HAVE_LOCALE_H 1
| #define HAVE_STDLIB_H 1
| #define HAVE_STRING_H 1
| #define HAVE_ASSERT_H 1
| #define HAVE_GETOPT_H 1
| #define HAVE_SYS_PARAM_H 1
| #define HAVE_SYS_TIME_H 1
| #define HAVE_SYS_TIMEB_H 1
| #define HAVE_SYS_MMAN_H 1
| #define HAVE_UNISTD_H 1
| #define HAVE_UTIME_H 1
| #define HAVE_ZLIB_H 1
| #define HAVE_LIBINTL_H 1
| #define HAVE_ICONV_H 1
| /* end confdefs.h.  */
| 
| /* Override any GCC internal prototype to avoid an error.
|    Use char because int might match the return type of a GCC
|    builtin and then its argument prototype would still apply.  */
| #ifdef __cplusplus
| extern "C"
| #endif
| char iconv ();
| int
| main ()
| {
| return iconv ();
|   ;
|   return 0;
| }
configure:19907: result: no
configure:19920: checking for stdbool.h that conforms to C99
configure:20015: gcc -c -g -O2  conftest.c >&5
configure:20022: $? = 0
configure:20037: result: yes
configure:20039: checking for _Bool
configure:20067: gcc -c -g -O2  conftest.c >&5
configure:20074: $? = 0
configure:20101: gcc -c -g -O2  conftest.c >&5
conftest.c: In function 'main':
conftest.c:82: error: expected expression before ')' token
configure:20108: $? = 1
configure: failed program was:
| /* confdefs.h.  */
| #define PACKAGE_NAME "oxim"
| #define PACKAGE_TARNAME "oxim"
| #define PACKAGE_VERSION "1.5.4"
| #define PACKAGE_STRING "oxim 1.5.4"
| #define PACKAGE_BUGREPORT "firefly@opendesktop.org.tw"
| #define PACKAGE "oxim"
| #define VERSION "1.5.4"
| #define ENABLE_NLS 1
| #define HAVE_GETTEXT 1
| #define HAVE_DCGETTEXT 1
| #define STDC_HEADERS 1
| #define HAVE_SYS_TYPES_H 1
| #define HAVE_SYS_STAT_H 1
| #define HAVE_STDLIB_H 1
| #define HAVE_STRING_H 1
| #define HAVE_MEMORY_H 1
| #define HAVE_STRINGS_H 1
| #define HAVE_INTTYPES_H 1
| #define HAVE_STDINT_H 1
| #define HAVE_UNISTD_H 1
| #define HAVE_DLFCN_H 1
| #define LT_OBJDIR ".libs/"
| #define HAVE_DIRENT_H 1
| #define STDC_HEADERS 1
| #define HAVE_SYS_WAIT_H 1
| #define HAVE_FCNTL_H 1
| #define HAVE_FLOAT_H 1
| #define HAVE_LANGINFO_H 1
| #define HAVE_LIMITS_H 1
| #define HAVE_LOCALE_H 1
| #define HAVE_STDLIB_H 1
| #define HAVE_STRING_H 1
| #define HAVE_ASSERT_H 1
| #define HAVE_GETOPT_H 1
| #define HAVE_SYS_PARAM_H 1
| #define HAVE_SYS_TIME_H 1
| #define HAVE_SYS_TIMEB_H 1
| #define HAVE_SYS_MMAN_H 1
| #define HAVE_UNISTD_H 1
| #define HAVE_UTIME_H 1
| #define HAVE_ZLIB_H 1
| #define HAVE_LIBINTL_H 1
| #define HAVE_ICONV_H 1
| /* end confdefs.h.  */
| #include <stdio.h>
| #ifdef HAVE_SYS_TYPES_H
| # include <sys/types.h>
| #endif
| #ifdef HAVE_SYS_STAT_H
| # include <sys/stat.h>
| #endif
| #ifdef STDC_HEADERS
| # include <stdlib.h>
| # include <stddef.h>
| #else
| # ifdef HAVE_STDLIB_H
| #  include <stdlib.h>
| # endif
| #endif
| #ifdef HAVE_STRING_H
| # if !defined STDC_HEADERS && defined HAVE_MEMORY_H
| #  include <memory.h>
| # endif
| # include <string.h>
| #endif
| #ifdef HAVE_STRINGS_H
| # include <strings.h>
| #endif
| #ifdef HAVE_INTTYPES_H
| # include <inttypes.h>
| #endif
| #ifdef HAVE_STDINT_H
| # include <stdint.h>
| #endif
| #ifdef HAVE_UNISTD_H
| # include <unistd.h>
| #endif
| int
| main ()
| {
| if (sizeof ((_Bool)))
| 	  return 0;
|   ;
|   return 0;
| }
configure:20131: result: yes
configure:20150: checking for an ANSI C-conforming const
configure:20225: gcc -c -g -O2  conftest.c >&5
configure:20232: $? = 0
configure:20247: result: yes
configure:20257: checking for uid_t in sys/types.h
configure:20280: result: yes
configure:20295: checking for mode_t
configure:20323: gcc -c -g -O2  conftest.c >&5
configure:20330: $? = 0
configure:20357: gcc -c -g -O2  conftest.c >&5
conftest.c: In function 'main':
conftest.c:84: error: expected expression before ')' token
configure:20364: $? = 1
configure: failed program was:
| /* confdefs.h.  */
| #define PACKAGE_NAME "oxim"
| #define PACKAGE_TARNAME "oxim"
| #define PACKAGE_VERSION "1.5.4"
| #define PACKAGE_STRING "oxim 1.5.4"
| #define PACKAGE_BUGREPORT "firefly@opendesktop.org.tw"
| #define PACKAGE "oxim"
| #define VERSION "1.5.4"
| #define ENABLE_NLS 1
| #define HAVE_GETTEXT 1
| #define HAVE_DCGETTEXT 1
| #define STDC_HEADERS 1
| #define HAVE_SYS_TYPES_H 1
| #define HAVE_SYS_STAT_H 1
| #define HAVE_STDLIB_H 1
| #define HAVE_STRING_H 1
| #define HAVE_MEMORY_H 1
| #define HAVE_STRINGS_H 1
| #define HAVE_INTTYPES_H 1
| #define HAVE_STDINT_H 1
| #define HAVE_UNISTD_H 1
| #define HAVE_DLFCN_H 1
| #define LT_OBJDIR ".libs/"
| #define HAVE_DIRENT_H 1
| #define STDC_HEADERS 1
| #define HAVE_SYS_WAIT_H 1
| #define HAVE_FCNTL_H 1
| #define HAVE_FLOAT_H 1
| #define HAVE_LANGINFO_H 1
| #define HAVE_LIMITS_H 1
| #define HAVE_LOCALE_H 1
| #define HAVE_STDLIB_H 1
| #define HAVE_STRING_H 1
| #define HAVE_ASSERT_H 1
| #define HAVE_GETOPT_H 1
| #define HAVE_SYS_PARAM_H 1
| #define HAVE_SYS_TIME_H 1
| #define HAVE_SYS_TIMEB_H 1
| #define HAVE_SYS_MMAN_H 1
| #define HAVE_UNISTD_H 1
| #define HAVE_UTIME_H 1
| #define HAVE_ZLIB_H 1
| #define HAVE_LIBINTL_H 1
| #define HAVE_ICONV_H 1
| #define HAVE__BOOL 1
| #define HAVE_STDBOOL_H 1
| /* end confdefs.h.  */
| #include <stdio.h>
| #ifdef HAVE_SYS_TYPES_H
| # include <sys/types.h>
| #endif
| #ifdef HAVE_SYS_STAT_H
| # include <sys/stat.h>
| #endif
| #ifdef STDC_HEADERS
| # include <stdlib.h>
| # include <stddef.h>
| #else
| # ifdef HAVE_STDLIB_H
| #  include <stdlib.h>
| # endif
| #endif
| #ifdef HAVE_STRING_H
| # if !defined STDC_HEADERS && defined HAVE_MEMORY_H
| #  include <memory.h>
| # endif
| # include <string.h>
| #endif
| #ifdef HAVE_STRINGS_H
| # include <strings.h>
| #endif
| #ifdef HAVE_INTTYPES_H
| # include <inttypes.h>
| #endif
| #ifdef HAVE_STDINT_H
| # include <stdint.h>
| #endif
| #ifdef HAVE_UNISTD_H
| # include <unistd.h>
| #endif
| int
| main ()
| {
| if (sizeof ((mode_t)))
| 	  return 0;
|   ;
|   return 0;
| }
configure:20387: result: yes
configure:20399: checking for pid_t
configure:20427: gcc -c -g -O2  conftest.c >&5
configure:20434: $? = 0
configure:20461: gcc -c -g -O2  conftest.c >&5
conftest.c: In function 'main':
conftest.c:84: error: expected expression before ')' token
configure:20468: $? = 1
configure: failed program was:
| /* confdefs.h.  */
| #define PACKAGE_NAME "oxim"
| #define PACKAGE_TARNAME "oxim"
| #define PACKAGE_VERSION "1.5.4"
| #define PACKAGE_STRING "oxim 1.5.4"
| #define PACKAGE_BUGREPORT "firefly@opendesktop.org.tw"
| #define PACKAGE "oxim"
| #define VERSION "1.5.4"
| #define ENABLE_NLS 1
| #define HAVE_GETTEXT 1
| #define HAVE_DCGETTEXT 1
| #define STDC_HEADERS 1
| #define HAVE_SYS_TYPES_H 1
| #define HAVE_SYS_STAT_H 1
| #define HAVE_STDLIB_H 1
| #define HAVE_STRING_H 1
| #define HAVE_MEMORY_H 1
| #define HAVE_STRINGS_H 1
| #define HAVE_INTTYPES_H 1
| #define HAVE_STDINT_H 1
| #define HAVE_UNISTD_H 1
| #define HAVE_DLFCN_H 1
| #define LT_OBJDIR ".libs/"
| #define HAVE_DIRENT_H 1
| #define STDC_HEADERS 1
| #define HAVE_SYS_WAIT_H 1
| #define HAVE_FCNTL_H 1
| #define HAVE_FLOAT_H 1
| #define HAVE_LANGINFO_H 1
| #define HAVE_LIMITS_H 1
| #define HAVE_LOCALE_H 1
| #define HAVE_STDLIB_H 1
| #define HAVE_STRING_H 1
| #define HAVE_ASSERT_H 1
| #define HAVE_GETOPT_H 1
| #define HAVE_SYS_PARAM_H 1
| #define HAVE_SYS_TIME_H 1
| #define HAVE_SYS_TIMEB_H 1
| #define HAVE_SYS_MMAN_H 1
| #define HAVE_UNISTD_H 1
| #define HAVE_UTIME_H 1
| #define HAVE_ZLIB_H 1
| #define HAVE_LIBINTL_H 1
| #define HAVE_ICONV_H 1
| #define HAVE__BOOL 1
| #define HAVE_STDBOOL_H 1
| /* end confdefs.h.  */
| #include <stdio.h>
| #ifdef HAVE_SYS_TYPES_H
| # include <sys/types.h>
| #endif
| #ifdef HAVE_SYS_STAT_H
| # include <sys/stat.h>
| #endif
| #ifdef STDC_HEADERS
| # include <stdlib.h>
| # include <stddef.h>
| #else
| # ifdef HAVE_STDLIB_H
| #  include <stdlib.h>
| # endif
| #endif
| #ifdef HAVE_STRING_H
| # if !defined STDC_HEADERS && defined HAVE_MEMORY_H
| #  include <memory.h>
| # endif
| # include <string.h>
| #endif
| #ifdef HAVE_STRINGS_H
| # include <strings.h>
| #endif
| #ifdef HAVE_INTTYPES_H
| # include <inttypes.h>
| #endif
| #ifdef HAVE_STDINT_H
| # include <stdint.h>
| #endif
| #ifdef HAVE_UNISTD_H
| # include <unistd.h>
| #endif
| int
| main ()
| {
| if (sizeof ((pid_t)))
| 	  return 0;
|   ;
|   return 0;
| }
configure:20491: result: yes
configure:20503: checking for size_t
configure:20531: gcc -c -g -O2  conftest.c >&5
configure:20538: $? = 0
configure:20565: gcc -c -g -O2  conftest.c >&5
conftest.c: In function 'main':
conftest.c:84: error: expected expression before ')' token
configure:20572: $? = 1
configure: failed program was:
| /* confdefs.h.  */
| #define PACKAGE_NAME "oxim"
| #define PACKAGE_TARNAME "oxim"
| #define PACKAGE_VERSION "1.5.4"
| #define PACKAGE_STRING "oxim 1.5.4"
| #define PACKAGE_BUGREPORT "firefly@opendesktop.org.tw"
| #define PACKAGE "oxim"
| #define VERSION "1.5.4"
| #define ENABLE_NLS 1
| #define HAVE_GETTEXT 1
| #define HAVE_DCGETTEXT 1
| #define STDC_HEADERS 1
| #define HAVE_SYS_TYPES_H 1
| #define HAVE_SYS_STAT_H 1
| #define HAVE_STDLIB_H 1
| #define HAVE_STRING_H 1
| #define HAVE_MEMORY_H 1
| #define HAVE_STRINGS_H 1
| #define HAVE_INTTYPES_H 1
| #define HAVE_STDINT_H 1
| #define HAVE_UNISTD_H 1
| #define HAVE_DLFCN_H 1
| #define LT_OBJDIR ".libs/"
| #define HAVE_DIRENT_H 1
| #define STDC_HEADERS 1
| #define HAVE_SYS_WAIT_H 1
| #define HAVE_FCNTL_H 1
| #define HAVE_FLOAT_H 1
| #define HAVE_LANGINFO_H 1
| #define HAVE_LIMITS_H 1
| #define HAVE_LOCALE_H 1
| #define HAVE_STDLIB_H 1
| #define HAVE_STRING_H 1
| #define HAVE_ASSERT_H 1
| #define HAVE_GETOPT_H 1
| #define HAVE_SYS_PARAM_H 1
| #define HAVE_SYS_TIME_H 1
| #define HAVE_SYS_TIMEB_H 1
| #define HAVE_SYS_MMAN_H 1
| #define HAVE_UNISTD_H 1
| #define HAVE_UTIME_H 1
| #define HAVE_ZLIB_H 1
| #define HAVE_LIBINTL_H 1
| #define HAVE_ICONV_H 1
| #define HAVE__BOOL 1
| #define HAVE_STDBOOL_H 1
| /* end confdefs.h.  */
| #include <stdio.h>
| #ifdef HAVE_SYS_TYPES_H
| # include <sys/types.h>
| #endif
| #ifdef HAVE_SYS_STAT_H
| # include <sys/stat.h>
| #endif
| #ifdef STDC_HEADERS
| # include <stdlib.h>
| # include <stddef.h>
| #else
| # ifdef HAVE_STDLIB_H
| #  include <stdlib.h>
| # endif
| #endif
| #ifdef HAVE_STRING_H
| # if !defined STDC_HEADERS && defined HAVE_MEMORY_H
| #  include <memory.h>
| # endif
| # include <string.h>
| #endif
| #ifdef HAVE_STRINGS_H
| # include <strings.h>
| #endif
| #ifdef HAVE_INTTYPES_H
| # include <inttypes.h>
| #endif
| #ifdef HAVE_STDINT_H
| # include <stdint.h>
| #endif
| #ifdef HAVE_UNISTD_H
| # include <unistd.h>
| #endif
| int
| main ()
| {
| if (sizeof ((size_t)))
| 	  return 0;
|   ;
|   return 0;
| }
configure:20595: result: yes
configure:20607: checking for struct stat.st_blksize
configure:20635: gcc -c -g -O2  conftest.c >&5
configure:20642: $? = 0
configure:20700: result: yes
configure:20716: checking for struct stat.st_blocks
configure:20744: gcc -c -g -O2  conftest.c >&5
configure:20751: $? = 0
configure:20809: result: yes
configure:20832: checking for struct stat.st_rdev
configure:20860: gcc -c -g -O2  conftest.c >&5
configure:20867: $? = 0
configure:20925: result: yes
configure:20942: checking for struct stat.st_blksize
configure:21035: result: yes
configure:21046: checking for struct stat.st_blocks
configure:21139: result: yes
configure:21162: checking for struct stat.st_rdev
configure:21255: result: yes
configure:21266: checking whether time.h and sys/time.h may both be included
configure:21296: gcc -c -g -O2  conftest.c >&5
configure:21303: $? = 0
configure:21318: result: yes
configure:21328: checking whether struct tm is in sys/time.h or time.h
configure:21358: gcc -c -g -O2  conftest.c >&5
configure:21365: $? = 0
configure:21380: result: time.h
configure:21395: checking size of char
configure:21700: gcc -o conftest -g -O2   conftest.c  >&5
configure:21704: $? = 0
configure:21710: ./conftest
configure:21714: $? = 0
configure:21740: result: 1
configure:21754: checking size of short
configure:22059: gcc -o conftest -g -O2   conftest.c  >&5
configure:22063: $? = 0
configure:22069: ./conftest
configure:22073: $? = 0
configure:22099: result: 2
configure:22113: checking size of int
configure:22418: gcc -o conftest -g -O2   conftest.c  >&5
configure:22422: $? = 0
configure:22428: ./conftest
configure:22432: $? = 0
configure:22458: result: 4
configure:22472: checking size of long
configure:22777: gcc -o conftest -g -O2   conftest.c  >&5
configure:22781: $? = 0
configure:22787: ./conftest
configure:22791: $? = 0
configure:22817: result: 4
configure:22831: checking size of long long
configure:23136: gcc -o conftest -g -O2   conftest.c  >&5
configure:23140: $? = 0
configure:23146: ./conftest
configure:23150: $? = 0
configure:23176: result: 8
configure:23190: checking size of int *
configure:23495: gcc -o conftest -g -O2   conftest.c  >&5
configure:23499: $? = 0
configure:23505: ./conftest
configure:23509: $? = 0
configure:23535: result: 4
configure:23557: checking for stdlib.h
configure:23564: result: yes
configure:23703: checking for GNU libc compatible malloc
configure:23737: gcc -o conftest -g -O2   conftest.c  >&5
configure:23741: $? = 0
configure:23747: ./conftest
configure:23751: $? = 0
configure:23768: result: yes
configure:23796: checking for working memcmp
configure:23849: gcc -o conftest -g -O2   conftest.c  >&5
configure:23853: $? = 0
configure:23859: ./conftest
configure:23863: $? = 0
configure:23880: result: yes
configure:23894: checking for stdlib.h
configure:23901: result: yes
configure:24040: checking for GNU libc compatible realloc
configure:24074: gcc -o conftest -g -O2   conftest.c  >&5
configure:24078: $? = 0
configure:24084: ./conftest
configure:24088: $? = 0
configure:24105: result: yes
configure:24134: checking return type of signal handlers
configure:24162: gcc -c -g -O2  conftest.c >&5
conftest.c: In function 'main':
conftest.c:75: error: void value not ignored as it ought to be
configure:24169: $? = 1
configure: failed program was:
| /* confdefs.h.  */
| #define PACKAGE_NAME "oxim"
| #define PACKAGE_TARNAME "oxim"
| #define PACKAGE_VERSION "1.5.4"
| #define PACKAGE_STRING "oxim 1.5.4"
| #define PACKAGE_BUGREPORT "firefly@opendesktop.org.tw"
| #define PACKAGE "oxim"
| #define VERSION "1.5.4"
| #define ENABLE_NLS 1
| #define HAVE_GETTEXT 1
| #define HAVE_DCGETTEXT 1
| #define STDC_HEADERS 1
| #define HAVE_SYS_TYPES_H 1
| #define HAVE_SYS_STAT_H 1
| #define HAVE_STDLIB_H 1
| #define HAVE_STRING_H 1
| #define HAVE_MEMORY_H 1
| #define HAVE_STRINGS_H 1
| #define HAVE_INTTYPES_H 1
| #define HAVE_STDINT_H 1
| #define HAVE_UNISTD_H 1
| #define HAVE_DLFCN_H 1
| #define LT_OBJDIR ".libs/"
| #define HAVE_DIRENT_H 1
| #define STDC_HEADERS 1
| #define HAVE_SYS_WAIT_H 1
| #define HAVE_FCNTL_H 1
| #define HAVE_FLOAT_H 1
| #define HAVE_LANGINFO_H 1
| #define HAVE_LIMITS_H 1
| #define HAVE_LOCALE_H 1
| #define HAVE_STDLIB_H 1
| #define HAVE_STRING_H 1
| #define HAVE_ASSERT_H 1
| #define HAVE_GETOPT_H 1
| #define HAVE_SYS_PARAM_H 1
| #define HAVE_SYS_TIME_H 1
| #define HAVE_SYS_TIMEB_H 1
| #define HAVE_SYS_MMAN_H 1
| #define HAVE_UNISTD_H 1
| #define HAVE_UTIME_H 1
| #define HAVE_ZLIB_H 1
| #define HAVE_LIBINTL_H 1
| #define HAVE_ICONV_H 1
| #define HAVE__BOOL 1
| #define HAVE_STDBOOL_H 1
| #define HAVE_STRUCT_STAT_ST_BLKSIZE 1
| #define HAVE_ST_BLKSIZE 1
| #define HAVE_STRUCT_STAT_ST_BLOCKS 1
| #define HAVE_ST_BLOCKS 1
| #define HAVE_STRUCT_STAT_ST_RDEV 1
| #define HAVE_ST_RDEV 1
| #define HAVE_STRUCT_STAT_ST_BLKSIZE 1
| #define HAVE_STRUCT_STAT_ST_BLOCKS 1
| #define HAVE_ST_BLOCKS 1
| #define HAVE_STRUCT_STAT_ST_RDEV 1
| #define TIME_WITH_SYS_TIME 1
| #define SIZEOF_CHAR 1
| #define SIZEOF_SHORT 2
| #define SIZEOF_INT 4
| #define SIZEOF_LONG 4
| #define SIZEOF_LONG_LONG 8
| #define SIZEOF_INT_P 4
| #define HAVE_STDLIB_H 1
| #define HAVE_MALLOC 1
| #define HAVE_STDLIB_H 1
| #define HAVE_REALLOC 1
| /* end confdefs.h.  */
| #include <sys/types.h>
| #include <signal.h>
| 
| int
| main ()
| {
| return *(signal (0, 0)) (0) == 1;
|   ;
|   return 0;
| }
configure:24184: result: void
configure:24192: checking whether lstat dereferences a symlink specified with a trailing slash
configure:24228: gcc -o conftest -g -O2   conftest.c  >&5
configure:24232: $? = 0
configure:24238: ./conftest
configure:24242: $? = 0
configure:24266: result: yes
configure:24285: checking whether stat accepts an empty string
configure:24315: gcc -o conftest -g -O2   conftest.c  >&5
configure:24319: $? = 0
configure:24325: ./conftest
configure:24329: $? = 0
configure:24346: result: no
configure:24371: checking for stdlib.h
configure:24378: result: yes
configure:24371: checking for unistd.h
configure:24378: result: yes
configure:24521: checking for getpagesize
configure:24577: gcc -o conftest -g -O2   conftest.c  >&5
configure:24584: $? = 0
configure:24606: result: yes
configure:24618: checking for working mmap
configure:24765: gcc -o conftest -g -O2   conftest.c  >&5
configure:24769: $? = 0
configure:24775: ./conftest
configure:24779: $? = 0
configure:24796: result: yes
configure:24843: checking for alarm
configure:24899: gcc -o conftest -g -O2   conftest.c  >&5
configure:24906: $? = 0
configure:24928: result: yes
configure:24843: checking for bzero
configure:24899: gcc -o conftest -g -O2   conftest.c  >&5
conftest.c:99: warning: conflicting types for built-in function 'bzero'
configure:24906: $? = 0
configure:24928: result: yes
configure:24843: checking for endpwent
configure:24899: gcc -o conftest -g -O2   conftest.c  >&5
configure:24906: $? = 0
configure:24928: result: yes
configure:24843: checking for fchdir
configure:24899: gcc -o conftest -g -O2   conftest.c  >&5
configure:24906: $? = 0
configure:24928: result: yes
configure:24843: checking for getcwd
configure:24899: gcc -o conftest -g -O2   conftest.c  >&5
configure:24906: $? = 0
configure:24928: result: yes
configure:24843: checking for gethostname
configure:24899: gcc -o conftest -g -O2   conftest.c  >&5
configure:24906: $? = 0
configure:24928: result: yes
configure:24843: checking for getpass
configure:24899: gcc -o conftest -g -O2   conftest.c  >&5
configure:24906: $? = 0
configure:24928: result: yes
configure:24843: checking for gettimeofday
configure:24899: gcc -o conftest -g -O2   conftest.c  >&5
configure:24906: $? = 0
configure:24928: result: yes
configure:24843: checking for lchown
configure:24899: gcc -o conftest -g -O2   conftest.c  >&5
configure:24906: $? = 0
configure:24928: result: yes
configure:24843: checking for memchr
configure:24899: gcc -o conftest -g -O2   conftest.c  >&5
conftest.c:107: warning: conflicting types for built-in function 'memchr'
configure:24906: $? = 0
configure:24928: result: yes
configure:24843: checking for memmove
configure:24899: gcc -o conftest -g -O2   conftest.c  >&5
conftest.c:108: warning: conflicting types for built-in function 'memmove'
configure:24906: $? = 0
configure:24928: result: yes
configure:24843: checking for memset
configure:24899: gcc -o conftest -g -O2   conftest.c  >&5
conftest.c:109: warning: conflicting types for built-in function 'memset'
configure:24906: $? = 0
configure:24928: result: yes
configure:24843: checking for mkdir
configure:24899: gcc -o conftest -g -O2   conftest.c  >&5
configure:24906: $? = 0
configure:24928: result: yes
configure:24843: checking for nl_langinfo
configure:24899: gcc -o conftest -g -O2   conftest.c  >&5
configure:24906: $? = 0
configure:24928: result: yes
configure:24843: checking for putenv
configure:24899: gcc -o conftest -g -O2   conftest.c  >&5
configure:24906: $? = 0
configure:24928: result: yes
configure:24843: checking for rmdir
configure:24899: gcc -o conftest -g -O2   conftest.c  >&5
configure:24906: $? = 0
configure:24928: result: yes
configure:24843: checking for select
configure:24899: gcc -o conftest -g -O2   conftest.c  >&5
configure:24906: $? = 0
configure:24928: result: yes
configure:24843: checking for setlocale
configure:24899: gcc -o conftest -g -O2   conftest.c  >&5
configure:24906: $? = 0
configure:24928: result: yes
configure:24843: checking for strcasecmp
configure:24899: gcc -o conftest -g -O2   conftest.c  >&5
conftest.c:116: warning: conflicting types for built-in function 'strcasecmp'
configure:24906: $? = 0
configure:24928: result: yes
configure:24843: checking for strchr
configure:24899: gcc -o conftest -g -O2   conftest.c  >&5
conftest.c:117: warning: conflicting types for built-in function 'strchr'
configure:24906: $? = 0
configure:24928: result: yes
configure:24843: checking for strcspn
configure:24899: gcc -o conftest -g -O2   conftest.c  >&5
conftest.c:118: warning: conflicting types for built-in function 'strcspn'
configure:24906: $? = 0
configure:24928: result: yes
configure:24843: checking for strdup
configure:24899: gcc -o conftest -g -O2   conftest.c  >&5
conftest.c:119: warning: conflicting types for built-in function 'strdup'
configure:24906: $? = 0
configure:24928: result: yes
configure:24843: checking for strerror
configure:24899: gcc -o conftest -g -O2   conftest.c  >&5
configure:24906: $? = 0
configure:24928: result: yes
configure:24843: checking for strncasecmp
configure:24899: gcc -o conftest -g -O2   conftest.c  >&5
conftest.c:121: warning: conflicting types for built-in function 'strncasecmp'
configure:24906: $? = 0
configure:24928: result: yes
configure:24843: checking for strrchr
configure:24899: gcc -o conftest -g -O2   conftest.c  >&5
conftest.c:122: warning: conflicting types for built-in function 'strrchr'
configure:24906: $? = 0
configure:24928: result: yes
configure:24843: checking for strspn
configure:24899: gcc -o conftest -g -O2   conftest.c  >&5
conftest.c:123: warning: conflicting types for built-in function 'strspn'
configure:24906: $? = 0
configure:24928: result: yes
configure:24843: checking for strstr
configure:24899: gcc -o conftest -g -O2   conftest.c  >&5
conftest.c:124: warning: conflicting types for built-in function 'strstr'
configure:24906: $? = 0
configure:24928: result: yes
configure:24843: checking for strtol
configure:24899: gcc -o conftest -g -O2   conftest.c  >&5
configure:24906: $? = 0
configure:24928: result: yes
configure:24843: checking for strtoul
configure:24899: gcc -o conftest -g -O2   conftest.c  >&5
configure:24906: $? = 0
configure:24928: result: yes
configure:24843: checking for tzset
configure:24899: gcc -o conftest -g -O2   conftest.c  >&5
configure:24906: $? = 0
configure:24928: result: yes
configure:24843: checking for utime
configure:24899: gcc -o conftest -g -O2   conftest.c  >&5
configure:24906: $? = 0
configure:24928: result: yes
configure:24843: checking for gettext
configure:24899: gcc -o conftest -g -O2   conftest.c  >&5
conftest.c:129: warning: conflicting types for built-in function 'gettext'
configure:24906: $? = 0
configure:24928: result: yes
configure:24843: checking for iconv
configure:24899: gcc -o conftest -g -O2   conftest.c  >&5
configure:24906: $? = 0
configure:24928: result: yes
configure:25012: checking for dlopen
configure:25097: result: no
configure:25112: checking for dlopen in -ldl
configure:25175: result: yes
configure:25432: checking for pkg-config
configure:25450: found /usr/bin/pkg-config
configure:25462: result: /usr/bin/pkg-config
configure:25487: checking pkg-config is at least version 0.9.0
configure:25490: result: yes
configure:25501: checking for XPM
configure:25508: $PKG_CONFIG --exists --print-errors "xpm >= 2.0.0"
configure:25511: $? = 0
configure:25524: $PKG_CONFIG --exists --print-errors "xpm >= 2.0.0"
configure:25527: $? = 0
configure:25562: result: yes
configure:25737: checking for XTEST
configure:25744: $PKG_CONFIG --exists --print-errors "xtst >= 1.0.0"
configure:25747: $? = 0
configure:25760: $PKG_CONFIG --exists --print-errors "xtst >= 1.0.0"
configure:25763: $? = 0
configure:25798: result: yes
configure:25973: checking for XFT
configure:25980: $PKG_CONFIG --exists --print-errors "xft >= 2.0"
configure:25983: $? = 0
configure:25996: $PKG_CONFIG --exists --print-errors "xft >= 2.0"
configure:25999: $? = 0
configure:26034: result: yes
configure:26049: checking for XRENDER
configure:26056: $PKG_CONFIG --exists --print-errors "xrender >= 0.9"
configure:26059: $? = 0
configure:26072: $PKG_CONFIG --exists --print-errors "xrender >= 0.9"
configure:26075: $? = 0
configure:26110: result: yes
configure:26137: checking for CHEWING032
configure:26144: $PKG_CONFIG --exists --print-errors "chewing >= 0.3.2"
configure:26147: $? = 0
configure:26160: $PKG_CONFIG --exists --print-errors "chewing >= 0.3.2"
configure:26163: $? = 0
configure:26470: result: yes
configure:26555: checking for SUNPINYIN
configure:26562: $PKG_CONFIG --exists --print-errors "sunpinyin-2.0 >= 2.0.0"
configure:26565: $? = 0
configure:26578: $PKG_CONFIG --exists --print-errors "sunpinyin-2.0 >= 2.0.0"
configure:26581: $? = 0
configure:26616: result: yes
configure:26703: checking for GTK2
configure:26710: $PKG_CONFIG --exists --print-errors "gtk+-2.0 >= 2.2.0"
configure:26713: $? = 0
configure:26726: $PKG_CONFIG --exists --print-errors "gtk+-2.0 >= 2.2.0"
configure:26729: $? = 0
configure:26764: result: yes
configure:26799: checking for GTK3
configure:26806: $PKG_CONFIG --exists --print-errors "gtk+-3.0 >= 3.0.0"
Package gtk+-3.0 was not found in the pkg-config search path.
Perhaps you should add the directory containing `gtk+-3.0.pc'
to the PKG_CONFIG_PATH environment variable
No package 'gtk+-3.0' found
configure:26809: $? = 1
configure:26822: $PKG_CONFIG --exists --print-errors "gtk+-3.0 >= 3.0.0"
Package gtk+-3.0 was not found in the pkg-config search path.
Perhaps you should add the directory containing `gtk+-3.0.pc'
to the PKG_CONFIG_PATH environment variable
No package 'gtk+-3.0' found
configure:26825: $? = 1
No package 'gtk+-3.0' found
configure:26852: result: no
configure:26865: WARNING: Gtk3 version must be > 3.0.0!
configure:26928: checking for qmake
configure:26931: result: /usr/lib/qt-3.3/bin/qmake
configure:26939: checking for uic
configure:26942: result: /usr/lib/qt-3.3/bin/uic
configure:26950: checking for moc
configure:26953: result: /usr/lib/qt-3.3/bin/moc
configure:26963: checking for qinputcontextplugin.h
configure:26966: result: /usr/lib/qt-3.3/include/qinputcontextplugin.h
configure:27275: creating ./config.status

## ---------------------- ##
## Running config.status. ##
## ---------------------- ##

This file was extended by oxim config.status 1.5.4, which was
generated by GNU Autoconf 2.63.  Invocation command line was

  CONFIG_FILES    = 
  CONFIG_HEADERS  = 
  CONFIG_LINKS    = 
  CONFIG_COMMANDS = 
  $ ./config.status 

on localhost

config.status:1256: creating Makefile
config.status:1256: creating src/lib/Makefile
config.status:1256: creating src/gtk-immodule/Makefile
config.status:1256: creating src/gtk-immodule3/Makefile
config.status:1256: creating src/qt-immodule/Makefile
config.status:1256: creating src/qt4-immodule-test/Makefile
config.status:1256: creating src/modules/gen-inp/Makefile
config.status:1256: creating src/modules/gen-inp-v1/Makefile
config.status:1256: creating src/modules/unicode/Makefile
config.status:1256: creating src/modules/chewing/Makefile
config.status:1256: creating src/modules/sunpinyin/Makefile
config.status:1256: creating src/util/oxim-conv/Makefile
config.status:1256: creating src/xim/Makefile
config.status:1256: creating src/xim/IMdkit/Makefile
config.status:1256: creating tables/Makefile
config.status:1256: creating panels/Makefile
config.status:1256: creating etc/Makefile
config.status:1256: creating po/Makefile.in
config.status:1408: WARNING:  'po/Makefile.in.in' seems to ignore the --datarootdir setting
config.status:1256: creating oxim.pc
config.status:1256: creating config.h
config.status:1530: executing po-directories commands
config.status:1530: executing depfiles commands
config.status:1530: executing libtool commands
configure:29925: result:
Build options:
  Version		1.5.4
  Install prefix	/usr
  IM Module directory	${exec_prefix}/lib/oxim/immodules
  Module directory	${exec_prefix}/lib/oxim/modules
  Table directory	${exec_prefix}/lib/oxim/tables

Input Method modules:
  Chewing		yes
  Sunpinyin		yes
  Unicode		yes

Optional:
  GTK2 IM module	yes
  GTK3 IM module	no
  QT3  IM module	yes
  QT4  IM module		
  For EeePC environment	no
  For Device		no


## ---------------- ##
## Cache variables. ##
## ---------------- ##

ac_cv_build=i686-pc-linux-gnu
ac_cv_c_compiler_gnu=yes
ac_cv_c_const=yes
ac_cv_cxx_compiler_gnu=yes
ac_cv_env_CCC_set=
ac_cv_env_CCC_value=
ac_cv_env_CC_set=
ac_cv_env_CC_value=
ac_cv_env_CFLAGS_set=
ac_cv_env_CFLAGS_value=
ac_cv_env_CHEWING030_CFLAGS_set=
ac_cv_env_CHEWING030_CFLAGS_value=
ac_cv_env_CHEWING030_LIBS_set=
ac_cv_env_CHEWING030_LIBS_value=
ac_cv_env_CHEWING031_CFLAGS_set=
ac_cv_env_CHEWING031_CFLAGS_value=
ac_cv_env_CHEWING031_LIBS_set=
ac_cv_env_CHEWING031_LIBS_value=
ac_cv_env_CHEWING032_CFLAGS_set=
ac_cv_env_CHEWING032_CFLAGS_value=
ac_cv_env_CHEWING032_LIBS_set=
ac_cv_env_CHEWING032_LIBS_value=
ac_cv_env_CPPFLAGS_set=
ac_cv_env_CPPFLAGS_value=
ac_cv_env_CPP_set=
ac_cv_env_CPP_value=
ac_cv_env_CXXCPP_set=
ac_cv_env_CXXCPP_value=
ac_cv_env_CXXFLAGS_set=
ac_cv_env_CXXFLAGS_value=
ac_cv_env_CXX_set=
ac_cv_env_CXX_value=
ac_cv_env_GTK2_CFLAGS_set=
ac_cv_env_GTK2_CFLAGS_value=
ac_cv_env_GTK2_LIBS_set=
ac_cv_env_GTK2_LIBS_value=
ac_cv_env_GTK3_CFLAGS_set=
ac_cv_env_GTK3_CFLAGS_value=
ac_cv_env_GTK3_LIBS_set=
ac_cv_env_GTK3_LIBS_value=
ac_cv_env_LDFLAGS_set=
ac_cv_env_LDFLAGS_value=
ac_cv_env_LIBS_set=
ac_cv_env_LIBS_value=
ac_cv_env_PKG_CONFIG_set=
ac_cv_env_PKG_CONFIG_value=
ac_cv_env_SUNPINYIN_CFLAGS_set=
ac_cv_env_SUNPINYIN_CFLAGS_value=
ac_cv_env_SUNPINYIN_LIBS_set=
ac_cv_env_SUNPINYIN_LIBS_value=
ac_cv_env_XFT_CFLAGS_set=
ac_cv_env_XFT_CFLAGS_value=
ac_cv_env_XFT_LIBS_set=
ac_cv_env_XFT_LIBS_value=
ac_cv_env_XMKMF_set=
ac_cv_env_XMKMF_value=
ac_cv_env_XPM_CFLAGS_set=
ac_cv_env_XPM_CFLAGS_value=
ac_cv_env_XPM_LIBS_set=
ac_cv_env_XPM_LIBS_value=
ac_cv_env_XRENDER_CFLAGS_set=
ac_cv_env_XRENDER_CFLAGS_value=
ac_cv_env_XRENDER_LIBS_set=
ac_cv_env_XRENDER_LIBS_value=
ac_cv_env_XTEST_CFLAGS_set=
ac_cv_env_XTEST_CFLAGS_value=
ac_cv_env_XTEST_LIBS_set=
ac_cv_env_XTEST_LIBS_value=
ac_cv_env_build_alias_set=
ac_cv_env_build_alias_value=
ac_cv_env_host_alias_set=
ac_cv_env_host_alias_value=
ac_cv_env_target_alias_set=
ac_cv_env_target_alias_value=
ac_cv_func_alarm=yes
ac_cv_func_bzero=yes
ac_cv_func_dlopen=no
ac_cv_func_endpwent=yes
ac_cv_func_fchdir=yes
ac_cv_func_getcwd=yes
ac_cv_func_gethostname=yes
ac_cv_func_getpagesize=yes
ac_cv_func_getpass=yes
ac_cv_func_gettext=yes
ac_cv_func_gettimeofday=yes
ac_cv_func_iconv=yes
ac_cv_func_lchown=yes
ac_cv_func_lstat_dereferences_slashed_symlink=yes
ac_cv_func_malloc_0_nonnull=yes
ac_cv_func_memchr=yes
ac_cv_func_memcmp_working=yes
ac_cv_func_memmove=yes
ac_cv_func_memset=yes
ac_cv_func_mkdir=yes
ac_cv_func_mmap_fixed_mapped=yes
ac_cv_func_nl_langinfo=yes
ac_cv_func_putenv=yes
ac_cv_func_realloc_0_nonnull=yes
ac_cv_func_rmdir=yes
ac_cv_func_select=yes
ac_cv_func_setlocale=yes
ac_cv_func_shl_load=no
ac_cv_func_stat_empty_string_bug=no
ac_cv_func_strcasecmp=yes
ac_cv_func_strchr=yes
ac_cv_func_strcspn=yes
ac_cv_func_strdup=yes
ac_cv_func_strerror=yes
ac_cv_func_strncasecmp=yes
ac_cv_func_strrchr=yes
ac_cv_func_strspn=yes
ac_cv_func_strstr=yes
ac_cv_func_strtol=yes
ac_cv_func_strtoul=yes
ac_cv_func_tzset=yes
ac_cv_func_utime=yes
ac_cv_have_x='have_x=yes	ac_x_includes='\'''\''	ac_x_libraries='\'''\'''
ac_cv_header_assert_h=yes
ac_cv_header_dirent_dirent_h=yes
ac_cv_header_dlfcn_h=yes
ac_cv_header_fcntl_h=yes
ac_cv_header_float_h=yes
ac_cv_header_getopt_h=yes
ac_cv_header_iconv_h=yes
ac_cv_header_inttypes_h=yes
ac_cv_header_langinfo_h=yes
ac_cv_header_libintl_h=yes
ac_cv_header_limits_h=yes
ac_cv_header_locale_h=yes
ac_cv_header_memory_h=yes
ac_cv_header_stdbool_h=yes
ac_cv_header_stdc=yes
ac_cv_header_stdint_h=yes
ac_cv_header_stdlib_h=yes
ac_cv_header_string_h=yes
ac_cv_header_strings_h=yes
ac_cv_header_sys_mman_h=yes
ac_cv_header_sys_param_h=yes
ac_cv_header_sys_stat_h=yes
ac_cv_header_sys_time_h=yes
ac_cv_header_sys_timeb_h=yes
ac_cv_header_sys_types_h=yes
ac_cv_header_sys_types_h_makedev=yes
ac_cv_header_sys_wait_h=yes
ac_cv_header_time=yes
ac_cv_header_unistd_h=yes
ac_cv_header_utime_h=yes
ac_cv_header_zlib_h=yes
ac_cv_host=i686-pc-linux-gnu
ac_cv_lib_dl_dlopen=yes
ac_cv_lib_dld_shl_load=no
ac_cv_lib_iconv_iconv=no
ac_cv_lib_intl_gettext=no
ac_cv_member_struct_stat_st_blksize=yes
ac_cv_member_struct_stat_st_blocks=yes
ac_cv_member_struct_stat_st_rdev=yes
ac_cv_objext=o
ac_cv_path_EGREP='/bin/grep -E'
ac_cv_path_FGREP='/bin/grep -F'
ac_cv_path_GMSGFMT=/usr/bin/msgfmt
ac_cv_path_GREP=/bin/grep
ac_cv_path_MSGFMT=/usr/bin/msgfmt
ac_cv_path_MSGMERGE=/usr/bin/msgmerge
ac_cv_path_SED=/bin/sed
ac_cv_path_XGETTEXT=/usr/bin/xgettext
ac_cv_path_ac_pt_PKG_CONFIG=/usr/bin/pkg-config
ac_cv_path_install='/usr/bin/install -c'
ac_cv_path_mkdir=/bin/mkdir
ac_cv_prog_AWK=gawk
ac_cv_prog_CPP='gcc -E'
ac_cv_prog_CXXCPP='g++ -E'
ac_cv_prog_ac_ct_AR=ar
ac_cv_prog_ac_ct_CC=gcc
ac_cv_prog_ac_ct_CXX=g++
ac_cv_prog_ac_ct_OBJDUMP=objdump
ac_cv_prog_ac_ct_RANLIB=ranlib
ac_cv_prog_ac_ct_STRIP=strip
ac_cv_prog_cc_c89=
ac_cv_prog_cc_g=yes
ac_cv_prog_cxx_g=yes
ac_cv_prog_make_make_set=yes
ac_cv_search_opendir='none required'
ac_cv_sizeof_char=1
ac_cv_sizeof_int=4
ac_cv_sizeof_int_p=4
ac_cv_sizeof_long=4
ac_cv_sizeof_long_long=8
ac_cv_sizeof_short=2
ac_cv_struct_tm=time.h
ac_cv_type__Bool=yes
ac_cv_type_mode_t=yes
ac_cv_type_pid_t=yes
ac_cv_type_signal=void
ac_cv_type_size_t=yes
ac_cv_type_uid_t=yes
acl_cv_path_LD=/usr/bin/ld
acl_cv_prog_gnu_ld=yes
acl_cv_rpath=done
am_cv_CC_dependencies_compiler_type=gcc3
am_cv_CXX_dependencies_compiler_type=gcc3
gt_cv_func_CFLocaleCopyCurrent=no
gt_cv_func_CFPreferencesCopyAppValue=no
gt_cv_func_gnugettext1_libc=yes
lt_cv_deplibs_check_method=pass_all
lt_cv_dlopen=dlopen
lt_cv_dlopen_libs=-ldl
lt_cv_dlopen_self=yes
lt_cv_dlopen_self_static=yes
lt_cv_file_magic_cmd='$MAGIC_CMD'
lt_cv_file_magic_test_file=
lt_cv_ld_reload_flag=-r
lt_cv_nm_interface='BSD nm'
lt_cv_objdir=.libs
lt_cv_path_LD=/usr/bin/ld
lt_cv_path_LDCXX=/usr/bin/ld
lt_cv_path_NM='/usr/bin/nm -B'
lt_cv_prog_compiler_c_o=yes
lt_cv_prog_compiler_c_o_CXX=yes
lt_cv_prog_compiler_pic_works=yes
lt_cv_prog_compiler_pic_works_CXX=yes
lt_cv_prog_compiler_rtti_exceptions=no
lt_cv_prog_compiler_static_works=no
lt_cv_prog_compiler_static_works_CXX=no
lt_cv_prog_gnu_ld=yes
lt_cv_prog_gnu_ldcxx=yes
lt_cv_sys_global_symbol_pipe='sed -n -e '\''s/^.*[	 ]\([ABCDGIRSTW][ABCDGIRSTW]*\)[	 ][	 ]*\([_A-Za-z][_A-Za-z0-9]*\)$/\1 \2 \2/p'\'''
lt_cv_sys_global_symbol_to_c_name_address='sed -n -e '\''s/^: \([^ ]*\) $/  {\"\1\", (void *) 0},/p'\'' -e '\''s/^[ABCDGIRSTW]* \([^ ]*\) \([^ ]*\)$/  {"\2", (void *) \&\2},/p'\'''
lt_cv_sys_global_symbol_to_c_name_address_lib_prefix='sed -n -e '\''s/^: \([^ ]*\) $/  {\"\1\", (void *) 0},/p'\'' -e '\''s/^[ABCDGIRSTW]* \([^ ]*\) \(lib[^ ]*\)$/  {"\2", (void *) \&\2},/p'\'' -e '\''s/^[ABCDGIRSTW]* \([^ ]*\) \([^ ]*\)$/  {"lib\2", (void *) \&\2},/p'\'''
lt_cv_sys_global_symbol_to_cdecl='sed -n -e '\''s/^T .* \(.*\)$/extern int \1();/p'\'' -e '\''s/^[ABCDGIRSTW]* .* \(.*\)$/extern char \1;/p'\'''
lt_cv_sys_max_cmd_len=1966080
pkg_cv_CHEWING032_CFLAGS='-I/usr/include/chewing  '
pkg_cv_CHEWING032_LIBS='-lchewing  '
pkg_cv_GTK2_CFLAGS='-I/usr/include/gtk-2.0 -I/usr/lib/gtk-2.0/include -I/usr/include/atk-1.0 -I/usr/include/cairo -I/usr/include/pango-1.0 -I/usr/include/glib-2.0 -I/usr/lib/glib-2.0/include -I/usr/include/pixman-1 -I/usr/include/freetype2 -I/usr/include/libpng12  '
pkg_cv_GTK2_LIBS='-lgtk-x11-2.0 -lgdk-x11-2.0 -latk-1.0 -lgio-2.0 -lpangoft2-1.0 -lgdk_pixbuf-2.0 -lpangocairo-1.0 -lcairo -lpango-1.0 -lfreetype -lfontconfig -lgobject-2.0 -lgmodule-2.0 -lglib-2.0  '
pkg_cv_SUNPINYIN_CFLAGS='-I/usr/include/sunpinyin-2.0 -I/usr/include/sunpinyin-2.0/config -I/usr/include/sunpinyin-2.0/ime-core -I/usr/include/sunpinyin-2.0/lexicon -I/usr/include/sunpinyin-2.0/pinyin -I/usr/include/sunpinyin-2.0/slm -I/usr/include/sunpinyin-2.0/slm/slmseg -I/usr/include/sunpinyin-2.0/slm/mmseg -I/usr/include/sunpinyin-2.0/slm/tslmpack -I/usr/include/sunpinyin-2.0/slm/slminfo -I/usr/include/sunpinyin-2.0/slm/slmbuild -I/usr/include/sunpinyin-2.0/slm/getWordFreq -I/usr/include/sunpinyin-2.0/slm/ids2ngram -I/usr/include/sunpinyin-2.0/slm/tslmendian -I/usr/include/sunpinyin-2.0/slm/slmprune -I/usr/include/sunpinyin-2.0/slm/tslminfo -I/usr/include/sunpinyin-2.0/slm/tools -I/usr/include/sunpinyin-2.0/slm/thread  '
pkg_cv_SUNPINYIN_LIBS='-lsunpinyin -lsqlite3  '
pkg_cv_XFT_CFLAGS='-I/usr/include/freetype2  '
pkg_cv_XFT_LIBS='-lXft -lXrender -lfontconfig -lfreetype -lX11  '
pkg_cv_XPM_CFLAGS=' '
pkg_cv_XPM_LIBS='-lXpm -lX11  '
pkg_cv_XRENDER_CFLAGS=' '
pkg_cv_XRENDER_LIBS='-lXrender -lX11  '
pkg_cv_XTEST_CFLAGS=' '
pkg_cv_XTEST_LIBS='-lXtst  '

## ----------------- ##
## Output variables. ##
## ----------------- ##

ACLOCAL='${SHELL} /root/project/oxim-1.5.4/missing --run aclocal-1.11'
AMDEPBACKSLASH='\'
AMDEP_FALSE='#'
AMDEP_TRUE=''
AMTAR='${SHELL} /root/project/oxim-1.5.4/missing --run tar'
AR='ar'
AUTOCONF='${SHELL} /root/project/oxim-1.5.4/missing --run autoconf'
AUTOHEADER='${SHELL} /root/project/oxim-1.5.4/missing --run autoheader'
AUTOMAKE='${SHELL} /root/project/oxim-1.5.4/missing --run automake-1.11'
AWK='gawk'
CC='gcc'
CCDEPMODE='depmode=gcc3'
CFLAGS='-g -O2'
CHEWING030_CFLAGS=''
CHEWING030_LIBS=''
CHEWING031_CFLAGS=''
CHEWING031_LIBS=''
CHEWING032_CFLAGS='-I/usr/include/chewing  '
CHEWING032_LIBS='-lchewing  '
CHEWING_CFLAGS='-I/usr/include/chewing  '
CHEWING_DATA_DIR='/usr/share/chewing'
CHEWING_LIBS='-lchewing  '
CHEWING_VER030_FALSE=''
CHEWING_VER030_TRUE='#'
CHEWING_VER031_FALSE=''
CHEWING_VER031_TRUE='#'
CHEWING_VER032_FALSE='#'
CHEWING_VER032_TRUE=''
CPP='gcc -E'
CPPFLAGS=''
CXX='g++'
CXXCPP='g++ -E'
CXXDEPMODE='depmode=gcc3'
CXXFLAGS='-g -O2'
CYGPATH_W='echo'
DEFS='-DHAVE_CONFIG_H'
DEPDIR='.deps'
DL_LIB='-ldl'
DSYMUTIL=''
DUMPBIN=''
ECHO_C=''
ECHO_N='-n'
ECHO_T=''
EGREP='/bin/grep -E'
ENABLE_CHEWING_MODULE_FALSE='#'
ENABLE_CHEWING_MODULE_TRUE=''
ENABLE_DEVICE_FALSE=''
ENABLE_DEVICE_TRUE='#'
ENABLE_EEEPC_FALSE=''
ENABLE_EEEPC_TRUE='#'
ENABLE_GTK_IMMODULE3_FALSE=''
ENABLE_GTK_IMMODULE3_TRUE='#'
ENABLE_GTK_IMMODULE_FALSE='#'
ENABLE_GTK_IMMODULE_TRUE=''
ENABLE_QT4_IMMODULE_FALSE=''
ENABLE_QT4_IMMODULE_TRUE='#'
ENABLE_QT_IMMODULE_FALSE='#'
ENABLE_QT_IMMODULE_TRUE=''
ENABLE_SUNPINYIN_MODULE_FALSE='#'
ENABLE_SUNPINYIN_MODULE_TRUE=''
ENABLE_UNICODE_MODULE_FALSE='#'
ENABLE_UNICODE_MODULE_TRUE=''
EXEEXT=''
FGREP='/bin/grep -F'
GETTEXT_MACRO_VERSION='0.17'
GMSGFMT='/usr/bin/msgfmt'
GMSGFMT_015='/usr/bin/msgfmt'
GREP='/bin/grep'
GTK2_CFLAGS='-I/usr/include/gtk-2.0 -I/usr/lib/gtk-2.0/include -I/usr/include/atk-1.0 -I/usr/include/cairo -I/usr/include/pango-1.0 -I/usr/include/glib-2.0 -I/usr/lib/glib-2.0/include -I/usr/include/pixman-1 -I/usr/include/freetype2 -I/usr/include/libpng12  '
GTK2_LIBS='-lgtk-x11-2.0 -lgdk-x11-2.0 -latk-1.0 -lgio-2.0 -lpangoft2-1.0 -lgdk_pixbuf-2.0 -lpangocairo-1.0 -lcairo -lpango-1.0 -lfreetype -lfontconfig -lgobject-2.0 -lgmodule-2.0 -lglib-2.0  '
GTK3_CFLAGS=''
GTK3_LIBS=''
GTK_IM_MODULE3_DIR='/gtk-3.0/immodules'
GTK_IM_MODULE_DIR='/usr/lib/gtk-2.0/immodules'
IM_MODULES_DIR='${exec_prefix}/lib/oxim/immodules'
INSTALL_DATA='${INSTALL} -m 644'
INSTALL_PROGRAM='${INSTALL}'
INSTALL_SCRIPT='${INSTALL}'
INSTALL_STRIP_PROGRAM='$(install_sh) -c -s'
INTLLIBS=''
INTL_MACOSX_LIBS=''
LD='/usr/bin/ld'
LDFLAGS=''
LIBICONV='-liconv'
LIBINTL=''
LIBOBJS=''
LIBS=''
LIBTOOL='$(SHELL) $(top_builddir)/libtool'
LIBTOOL_DEPS='./ltmain.sh'
LIPO=''
LN_S='ln -s'
LTLIBICONV='-liconv'
LTLIBINTL=''
LTLIBOBJS=''
MAKEINFO='${SHELL} /root/project/oxim-1.5.4/missing --run makeinfo'
MKDIR_P='/bin/mkdir -p'
MODULES_DIR='${exec_prefix}/lib/oxim/modules'
MSGFMT='/usr/bin/msgfmt'
MSGFMT_015='/usr/bin/msgfmt'
MSGMERGE='/usr/bin/msgmerge'
NM='/usr/bin/nm -B'
NMEDIT=''
OBJDUMP='objdump'
OBJEXT='o'
OTOOL64=''
OTOOL=''
OXIM_DEFAULT_DIR='${exec_prefix}/lib/oxim'
OXIM_DEFAULT_LOCALE_LIST='locale.list'
OXIM_DEFAULT_RC='oxim.conf'
OXIM_DEFAULT_RCDIR='/etc/oxim'
OXIM_USER_DIR='.oxim'
PACKAGE='oxim'
PACKAGE_BUGREPORT='firefly@opendesktop.org.tw'
PACKAGE_GETTEXT='gettext'
PACKAGE_NAME='oxim'
PACKAGE_STRING='oxim 1.5.4'
PACKAGE_TARNAME='oxim'
PACKAGE_VERSION='1.5.4'
PANELS_DIR='${exec_prefix}/lib/oxim/panels'
PATH_SEPARATOR=':'
PKG_CONFIG='/usr/bin/pkg-config'
POSUB='po'
QTDIR='/usr/lib/qt-3.3'
QT_IM_MODULE_DIR='/usr/lib/qt-3.3/plugins/inputmethods'
RANLIB='ranlib'
SED='/bin/sed'
SET_MAKE=''
SHELL='/bin/sh'
STRIP='strip'
SUNPINYIN_CFLAGS='-I/usr/include/sunpinyin-2.0 -I/usr/include/sunpinyin-2.0/config -I/usr/include/sunpinyin-2.0/ime-core -I/usr/include/sunpinyin-2.0/lexicon -I/usr/include/sunpinyin-2.0/pinyin -I/usr/include/sunpinyin-2.0/slm -I/usr/include/sunpinyin-2.0/slm/slmseg -I/usr/include/sunpinyin-2.0/slm/mmseg -I/usr/include/sunpinyin-2.0/slm/tslmpack -I/usr/include/sunpinyin-2.0/slm/slminfo -I/usr/include/sunpinyin-2.0/slm/slmbuild -I/usr/include/sunpinyin-2.0/slm/getWordFreq -I/usr/include/sunpinyin-2.0/slm/ids2ngram -I/usr/include/sunpinyin-2.0/slm/tslmendian -I/usr/include/sunpinyin-2.0/slm/slmprune -I/usr/include/sunpinyin-2.0/slm/tslminfo -I/usr/include/sunpinyin-2.0/slm/tools -I/usr/include/sunpinyin-2.0/slm/thread  '
SUNPINYIN_LIBS='-lsunpinyin -lsqlite3  '
TABLES_DIR='${exec_prefix}/lib/oxim/tables'
USE_NLS='yes'
VERSION='1.5.4'
VERSION_GETTEXT='1.2.1'
XFT_CFLAGS='-I/usr/include/freetype2  '
XFT_LIBS='-lXft -lXrender -lfontconfig -lfreetype -lX11  '
XGETTEXT='/usr/bin/xgettext'
XGETTEXT_015='/usr/bin/xgettext'
XGETTEXT_EXTRA_OPTIONS=''
XMKMF=''
XPM_CFLAGS=' '
XPM_LIBS='-lXpm -lX11  '
XRENDER_CFLAGS=' '
XRENDER_LIBS='-lXrender -lX11  '
XTEST_CFLAGS=' '
XTEST_LIBS='-lXtst  '
ac_ct_CC='gcc'
ac_ct_CXX='g++'
ac_ct_DUMPBIN=''
am__EXEEXT_FALSE=''
am__EXEEXT_TRUE='#'
am__fastdepCC_FALSE='#'
am__fastdepCC_TRUE=''
am__fastdepCXX_FALSE='#'
am__fastdepCXX_TRUE=''
am__include='include'
am__isrc=''
am__leading_dot='.'
am__quote=''
am__tar='${AMTAR} chof - "$$tardir"'
am__untar='${AMTAR} xf -'
bindir='${exec_prefix}/bin'
build='i686-pc-linux-gnu'
build_alias=''
build_cpu='i686'
build_os='linux-gnu'
build_vendor='pc'
confdir='/etc/oxim'
datadir='${datarootdir}'
datarootdir='${prefix}/share'
default_rc='oxim.conf'
docdir='${datarootdir}/doc/${PACKAGE_TARNAME}'
dvidir='${docdir}'
exec_prefix='${prefix}'
host='i686-pc-linux-gnu'
host_alias=''
host_cpu='i686'
host_os='linux-gnu'
host_vendor='pc'
htmldir='${docdir}'
includedir='${prefix}/include'
infodir='${datarootdir}/info'
install_sh='${SHELL} /root/project/oxim-1.5.4/install-sh'
libdir='${exec_prefix}/lib'
libexecdir='${exec_prefix}/libexec'
locale_list='locale.list'
localedir='${datarootdir}/locale'
localstatedir='${prefix}/var'
lt_ECHO='echo'
mandir='${datarootdir}/man'
mkdir_p='/bin/mkdir -p'
oldincludedir='/usr/include'
pdfdir='${docdir}'
prefix='/usr'
program_transform_name='s,x,x,'
psdir='${docdir}'
sbindir='${exec_prefix}/sbin'
sharedstatedir='${prefix}/com'
sysconfdir='${prefix}/etc'
target_alias=''
user_dir='.oxim'

## ----------- ##
## confdefs.h. ##
## ----------- ##

#define PACKAGE_NAME "oxim"
#define PACKAGE_TARNAME "oxim"
#define PACKAGE_VERSION "1.5.4"
#define PACKAGE_STRING "oxim 1.5.4"
#define PACKAGE_BUGREPORT "firefly@opendesktop.org.tw"
#define PACKAGE "oxim"
#define VERSION "1.5.4"
#define ENABLE_NLS 1
#define HAVE_GETTEXT 1
#define HAVE_DCGETTEXT 1
#define STDC_HEADERS 1
#define HAVE_SYS_TYPES_H 1
#define HAVE_SYS_STAT_H 1
#define HAVE_STDLIB_H 1
#define HAVE_STRING_H 1
#define HAVE_MEMORY_H 1
#define HAVE_STRINGS_H 1
#define HAVE_INTTYPES_H 1
#define HAVE_STDINT_H 1
#define HAVE_UNISTD_H 1
#define HAVE_DLFCN_H 1
#define LT_OBJDIR ".libs/"
#define HAVE_DIRENT_H 1
#define STDC_HEADERS 1
#define HAVE_SYS_WAIT_H 1
#define HAVE_FCNTL_H 1
#define HAVE_FLOAT_H 1
#define HAVE_LANGINFO_H 1
#define HAVE_LIMITS_H 1
#define HAVE_LOCALE_H 1
#define HAVE_STDLIB_H 1
#define HAVE_STRING_H 1
#define HAVE_ASSERT_H 1
#define HAVE_GETOPT_H 1
#define HAVE_SYS_PARAM_H 1
#define HAVE_SYS_TIME_H 1
#define HAVE_SYS_TIMEB_H 1
#define HAVE_SYS_MMAN_H 1
#define HAVE_UNISTD_H 1
#define HAVE_UTIME_H 1
#define HAVE_ZLIB_H 1
#define HAVE_LIBINTL_H 1
#define HAVE_ICONV_H 1
#define HAVE__BOOL 1
#define HAVE_STDBOOL_H 1
#define HAVE_STRUCT_STAT_ST_BLKSIZE 1
#define HAVE_ST_BLKSIZE 1
#define HAVE_STRUCT_STAT_ST_BLOCKS 1
#define HAVE_ST_BLOCKS 1
#define HAVE_STRUCT_STAT_ST_RDEV 1
#define HAVE_ST_RDEV 1
#define HAVE_STRUCT_STAT_ST_BLKSIZE 1
#define HAVE_STRUCT_STAT_ST_BLOCKS 1
#define HAVE_ST_BLOCKS 1
#define HAVE_STRUCT_STAT_ST_RDEV 1
#define TIME_WITH_SYS_TIME 1
#define SIZEOF_CHAR 1
#define SIZEOF_SHORT 2
#define SIZEOF_INT 4
#define SIZEOF_LONG 4
#define SIZEOF_LONG_LONG 8
#define SIZEOF_INT_P 4
#define HAVE_STDLIB_H 1
#define HAVE_MALLOC 1
#define HAVE_STDLIB_H 1
#define HAVE_REALLOC 1
#define RETSIGTYPE void
#define LSTAT_FOLLOWS_SLASHED_SYMLINK 1
#define HAVE_STDLIB_H 1
#define HAVE_UNISTD_H 1
#define HAVE_GETPAGESIZE 1
#define HAVE_MMAP 1
#define HAVE_ALARM 1
#define HAVE_BZERO 1
#define HAVE_ENDPWENT 1
#define HAVE_FCHDIR 1
#define HAVE_GETCWD 1
#define HAVE_GETHOSTNAME 1
#define HAVE_GETPASS 1
#define HAVE_GETTIMEOFDAY 1
#define HAVE_LCHOWN 1
#define HAVE_MEMCHR 1
#define HAVE_MEMMOVE 1
#define HAVE_MEMSET 1
#define HAVE_MKDIR 1
#define HAVE_NL_LANGINFO 1
#define HAVE_PUTENV 1
#define HAVE_RMDIR 1
#define HAVE_SELECT 1
#define HAVE_SETLOCALE 1
#define HAVE_STRCASECMP 1
#define HAVE_STRCHR 1
#define HAVE_STRCSPN 1
#define HAVE_STRDUP 1
#define HAVE_STRERROR 1
#define HAVE_STRNCASECMP 1
#define HAVE_STRRCHR 1
#define HAVE_STRSPN 1
#define HAVE_STRSTR 1
#define HAVE_STRTOL 1
#define HAVE_STRTOUL 1
#define HAVE_TZSET 1
#define HAVE_UTIME 1
#define HAVE_GETTEXT 1
#define HAVE_ICONV 1
#define OXIM_DEFAULT_RCDIR "/etc/oxim"
#define OXIM_DEFAULT_RC "oxim.conf"
#define OXIM_DEFAULT_LOCALE_LIST "locale.list"
#define OXIM_USER_DIR ".oxim"
#define OXIM_MIRROR_SITE_URL "http://opendesktop.org.tw"
#define HAVE_DLOPEN 1

configure: exit 0
